This is pdfTeX, Version 3.141592653-2.6-1.40.24 (MiKTeX 22.1) (preloaded format=pdflatex 2024.3.29)  11 APR 2024 12:47
entering extended mode
 restricted \write18 enabled.
 file:line:error style messages enabled.
 %&-line parsing enabled.
**/Users/nbr/PycharmProjects/Lab_3_CM/Report/main.tex
(/Users/nbr/PycharmProjects/Lab_3_CM/Report/main.tex
LaTeX2e <2023-11-01> patch level 1
L3 programming layer <2024-03-14>
(/Users/nbr/Library/Application Support/MiKTeX/texmfs/install/tex/latex/extsizes/extarticle.cls
Document Class: extarticle 1996/10/08 v1.0 Non Standard LaTeX document class
(/Users/nbr/Library/Application Support/MiKTeX/texmfs/install/tex/latex/extsizes/size14.clo
File: size14.clo 1999/11/11 v1.4a NON-Standard LaTeX file (size option)
) (/Library/Application Support/MiKTeX/texmfs/install/tex/latex/base/exscale.sty
Package: exscale 2018/09/24 v2.1i Standard LaTeX package exscale
LaTeX Font Info:    Redeclaring symbol font `largesymbols' on input line 57.
LaTeX Font Info:    Overwriting symbol font `largesymbols' in version `normal'
(Font)                  OMX/cmex/m/n --> OMX/cmex/m/n on input line 57.
LaTeX Font Info:    Overwriting symbol font `largesymbols' in version `bold'
(Font)                  OMX/cmex/m/n --> OMX/cmex/m/n on input line 57.
\big@size=\dimen140
)
\c@part=\count188
\c@section=\count189
\c@subsection=\count190
\c@subsubsection=\count191
\c@paragraph=\count192
\c@subparagraph=\count193
\c@figure=\count194
\c@table=\count195
\abovecaptionskip=\skip48
\belowcaptionskip=\skip49
\bibindent=\dimen141
) (/Library/Application Support/MiKTeX/texmfs/install/tex/latex/base/inputenc.sty
Package: inputenc 2021/02/14 v1.3d Input encoding file
\inpenc@prehook=\toks17
\inpenc@posthook=\toks18
) (/Users/nbr/Library/Application Support/MiKTeX/texmfs/install/tex/latex/geometry/geometry.sty
Package: geometry 2020/01/02 v5.9 Page Geometry
 (/Library/Application Support/MiKTeX/texmfs/install/tex/latex/graphics/keyval.sty
Package: keyval 2022/05/29 v1.15 key=value parser (DPC)
\KV@toks@=\toks19
) (/Library/Application Support/MiKTeX/texmfs/install/tex/generic/iftex/ifvtex.sty
Package: ifvtex 2019/10/25 v1.7 ifvtex legacy package. Use iftex instead.
 (/Library/Application Support/MiKTeX/texmfs/install/tex/generic/iftex/iftex.sty
Package: iftex 2022/02/03 v1.0f TeX engine tests
))
\Gm@cnth=\count196
\Gm@cntv=\count197
\c@Gm@tempcnt=\count198
\Gm@bindingoffset=\dimen142
\Gm@wd@mp=\dimen143
\Gm@odd@mp=\dimen144
\Gm@even@mp=\dimen145
\Gm@layoutwidth=\dimen146
\Gm@layoutheight=\dimen147
\Gm@layouthoffset=\dimen148
\Gm@layoutvoffset=\dimen149
\Gm@dimlist=\toks20
 (/Users/nbr/Library/Application Support/MiKTeX/texmfs/install/tex/latex/geometry/geometry.cfg)) (/Library/Application Support/MiKTeX/texmfs/install/tex/latex/graphics/graphicx.sty
Package: graphicx 2021/09/16 v1.2d Enhanced LaTeX Graphics (DPC,SPQR)
 (/Library/Application Support/MiKTeX/texmfs/install/tex/latex/graphics/graphics.sty
Package: graphics 2022/03/10 v1.4e Standard LaTeX Graphics (DPC,SPQR)
 (/Library/Application Support/MiKTeX/texmfs/install/tex/latex/graphics/trig.sty
Package: trig 2021/08/11 v1.11 sin cos tan (DPC)
) (/Library/Application Support/MiKTeX/texmfs/install/tex/latex/graphics-cfg/graphics.cfg
File: graphics.cfg 2016/06/04 v1.11 sample graphics configuration
)
Package graphics Info: Driver file: pdftex.def on input line 107.
 (/Library/Application Support/MiKTeX/texmfs/install/tex/latex/graphics-def/pdftex.def
File: pdftex.def 2022/09/22 v1.2b Graphics/color driver for pdftex
))
\Gin@req@height=\dimen150
\Gin@req@width=\dimen151
) (/Users/nbr/Library/Application Support/MiKTeX/texmfs/install/tex/latex/placeins/placeins.sty
Package: placeins 2005/04/18  v 2.2
) (/Library/Application Support/MiKTeX/texmfs/install/tex/latex/hyperref/hyperref.sty
Package: hyperref 2024-01-20 v7.01h Hypertext links for LaTeX
 (/Users/nbr/Library/Application Support/MiKTeX/texmfs/install/tex/latex/kvsetkeys/kvsetkeys.sty
Package: kvsetkeys 2022-10-05 v1.19 Key value parser (HO)
) (/Users/nbr/Library/Application Support/MiKTeX/texmfs/install/tex/generic/kvdefinekeys/kvdefinekeys.sty
Package: kvdefinekeys 2019-12-19 v1.6 Define keys (HO)
) (/Users/nbr/Library/Application Support/MiKTeX/texmfs/install/tex/generic/pdfescape/pdfescape.sty
Package: pdfescape 2019/12/09 v1.15 Implements pdfTeX's escape features (HO)
 (/Users/nbr/Library/Application Support/MiKTeX/texmfs/install/tex/generic/ltxcmds/ltxcmds.sty
Package: ltxcmds 2023-12-04 v1.26 LaTeX kernel commands for general use (HO)
) (/Library/Application Support/MiKTeX/texmfs/install/tex/generic/pdftexcmds/pdftexcmds.sty
Package: pdftexcmds 2020-06-27 v0.33 Utility functions of pdfTeX for LuaTeX (HO)
 (/Users/nbr/Library/Application Support/MiKTeX/texmfs/install/tex/generic/infwarerr/infwarerr.sty
Package: infwarerr 2019/12/03 v1.5 Providing info/warning/error messages (HO)
)
Package pdftexcmds Info: \pdf@primitive is available.
Package pdftexcmds Info: \pdf@ifprimitive is available.
Package pdftexcmds Info: \pdfdraftmode found.
)) (/Users/nbr/Library/Application Support/MiKTeX/texmfs/install/tex/latex/hycolor/hycolor.sty
Package: hycolor 2020-01-27 v1.10 Color options for hyperref/bookmark (HO)
) (/Users/nbr/Library/Application Support/MiKTeX/texmfs/install/tex/latex/auxhook/auxhook.sty
Package: auxhook 2019-12-17 v1.6 Hooks for auxiliary files (HO)
) (/Library/Application Support/MiKTeX/texmfs/install/tex/latex/hyperref/nameref.sty
Package: nameref 2023-11-26 v2.56 Cross-referencing by name of section
 (/Users/nbr/Library/Application Support/MiKTeX/texmfs/install/tex/latex/refcount/refcount.sty
Package: refcount 2019/12/15 v3.6 Data extraction from label references (HO)
) (/Users/nbr/Library/Application Support/MiKTeX/texmfs/install/tex/generic/gettitlestring/gettitlestring.sty
Package: gettitlestring 2019/12/15 v1.6 Cleanup title references (HO)
 (/Users/nbr/Library/Application Support/MiKTeX/texmfs/install/tex/latex/kvoptions/kvoptions.sty
Package: kvoptions 2022-06-15 v3.15 Key value format for package options (HO)
))
\c@section@level=\count199
) (/Library/Application Support/MiKTeX/texmfs/install/tex/latex/etoolbox/etoolbox.sty
Package: etoolbox 2020/10/05 v2.5k e-TeX tools for LaTeX (JAW)
\etb@tempcnta=\count266
)
\@linkdim=\dimen152
\Hy@linkcounter=\count267
\Hy@pagecounter=\count268
 (/Library/Application Support/MiKTeX/texmfs/install/tex/latex/hyperref/pd1enc.def
File: pd1enc.def 2024-01-20 v7.01h Hyperref: PDFDocEncoding definition (HO)
Now handling font encoding PD1 ...
... no UTF-8 mapping file for font encoding PD1
) (/Users/nbr/Library/Application Support/MiKTeX/texmfs/install/tex/generic/intcalc/intcalc.sty
Package: intcalc 2019/12/15 v1.3 Expandable calculations with integers (HO)
)
\Hy@SavedSpaceFactor=\count269
 (/Library/Application Support/MiKTeX/texmfs/install/tex/latex/hyperref/puenc.def
File: puenc.def 2024-01-20 v7.01h Hyperref: PDF Unicode definition (HO)
Now handling font encoding PU ...
... no UTF-8 mapping file for font encoding PU
)
Package hyperref Info: Hyper figures OFF on input line 4179.
Package hyperref Info: Link nesting OFF on input line 4184.
Package hyperref Info: Hyper index ON on input line 4187.
Package hyperref Info: Plain pages OFF on input line 4194.
Package hyperref Info: Backreferencing OFF on input line 4199.
Package hyperref Info: Implicit mode ON; LaTeX internals redefined.
Package hyperref Info: Bookmarks ON on input line 4446.
\c@Hy@tempcnt=\count270
 (/Library/Application Support/MiKTeX/texmfs/install/tex/latex/url/url.sty
\Urlmuskip=\muskip16
Package: url 2013/09/16  ver 3.4  Verb mode for urls, etc.
)
LaTeX Info: Redefining \url on input line 4784.
\XeTeXLinkMargin=\dimen153
 (/Users/nbr/Library/Application Support/MiKTeX/texmfs/install/tex/generic/bitset/bitset.sty
Package: bitset 2019/12/09 v1.3 Handle bit-vector datatype (HO)
 (/Users/nbr/Library/Application Support/MiKTeX/texmfs/install/tex/generic/bigintcalc/bigintcalc.sty
Package: bigintcalc 2019/12/15 v1.5 Expandable calculations on big integers (HO)
))
\Fld@menulength=\count271
\Field@Width=\dimen154
\Fld@charsize=\dimen155
Package hyperref Info: Hyper figures OFF on input line 6063.
Package hyperref Info: Link nesting OFF on input line 6068.
Package hyperref Info: Hyper index ON on input line 6071.
Package hyperref Info: backreferencing OFF on input line 6078.
Package hyperref Info: Link coloring OFF on input line 6083.
Package hyperref Info: Link coloring with OCG OFF on input line 6088.
Package hyperref Info: PDF/A mode OFF on input line 6093.
 (/Library/Application Support/MiKTeX/texmfs/install/tex/latex/base/atbegshi-ltx.sty
Package: atbegshi-ltx 2021/01/10 v1.0c Emulation of the original atbegshi
package with kernel methods
)
\Hy@abspage=\count272
\c@Item=\count273
\c@Hfootnote=\count274
)
Package hyperref Info: Driver (autodetected): hpdftex.
 (/Library/Application Support/MiKTeX/texmfs/install/tex/latex/hyperref/hpdftex.def
File: hpdftex.def 2024-01-20 v7.01h Hyperref driver for pdfTeX
 (/Library/Application Support/MiKTeX/texmfs/install/tex/latex/base/atveryend-ltx.sty
Package: atveryend-ltx 2020/08/19 v1.0a Emulation of the original atveryend package
with kernel methods
)
\Fld@listcount=\count275
\c@bookmark@seq@number=\count276
 (/Users/nbr/Library/Application Support/MiKTeX/texmfs/install/tex/latex/rerunfilecheck/rerunfilecheck.sty
Package: rerunfilecheck 2022-07-10 v1.10 Rerun checks for auxiliary files (HO)
 (/Users/nbr/Library/Application Support/MiKTeX/texmfs/install/tex/generic/uniquecounter/uniquecounter.sty
Package: uniquecounter 2019/12/15 v1.4 Provide unlimited unique counter (HO)
)
Package uniquecounter Info: New unique counter `rerunfilecheck' on input line 285.
)
\Hy@SectionHShift=\skip50
) (/Library/Application Support/MiKTeX/texmfs/install/tex/latex/amsmath/amsmath.sty
Package: amsmath 2023/05/13 v2.17o AMS math features
\@mathmargin=\skip51

For additional information on amsmath, use the `?' option.
(/Library/Application Support/MiKTeX/texmfs/install/tex/latex/amsmath/amstext.sty
Package: amstext 2021/08/26 v2.01 AMS text
 (/Library/Application Support/MiKTeX/texmfs/install/tex/latex/amsmath/amsgen.sty
File: amsgen.sty 1999/11/30 v2.0 generic functions
\@emptytoks=\toks21
\ex@=\dimen156
)) (/Library/Application Support/MiKTeX/texmfs/install/tex/latex/amsmath/amsbsy.sty
Package: amsbsy 1999/11/29 v1.2d Bold Symbols
\pmbraise@=\dimen157
) (/Library/Application Support/MiKTeX/texmfs/install/tex/latex/amsmath/amsopn.sty
Package: amsopn 2022/04/08 v2.04 operator names
)
\inf@bad=\count277
LaTeX Info: Redefining \frac on input line 234.
\uproot@=\count278
\leftroot@=\count279
LaTeX Info: Redefining \overline on input line 399.
LaTeX Info: Redefining \colon on input line 410.
\classnum@=\count280
\DOTSCASE@=\count281
LaTeX Info: Redefining \ldots on input line 496.
LaTeX Info: Redefining \dots on input line 499.
LaTeX Info: Redefining \cdots on input line 620.
\Mathstrutbox@=\box51
\strutbox@=\box52
LaTeX Info: Redefining \big on input line 722.
LaTeX Info: Redefining \Big on input line 723.
LaTeX Info: Redefining \bigg on input line 724.
LaTeX Info: Redefining \Bigg on input line 725.
\big@size=\dimen158
LaTeX Font Info:    Redeclaring font encoding OML on input line 743.
LaTeX Font Info:    Redeclaring font encoding OMS on input line 744.
\macc@depth=\count282
LaTeX Info: Redefining \bmod on input line 905.
LaTeX Info: Redefining \pmod on input line 910.
LaTeX Info: Redefining \smash on input line 940.
LaTeX Info: Redefining \relbar on input line 970.
LaTeX Info: Redefining \Relbar on input line 971.
\c@MaxMatrixCols=\count283
\dotsspace@=\muskip17
\c@parentequation=\count284
\dspbrk@lvl=\count285
\tag@help=\toks22
\row@=\count286
\column@=\count287
\maxfields@=\count288
\andhelp@=\toks23
\eqnshift@=\dimen159
\alignsep@=\dimen160
\tagshift@=\dimen161
\tagwidth@=\dimen162
\totwidth@=\dimen163
\lineht@=\dimen164
\@envbody=\toks24
\multlinegap=\skip52
\multlinetaggap=\skip53
\mathdisplay@stack=\toks25
LaTeX Info: Redefining \[ on input line 2953.
LaTeX Info: Redefining \] on input line 2954.
) (/Users/nbr/Library/Application Support/MiKTeX/texmfs/install/tex/latex/setspace/setspace.sty
Package: setspace 2022/12/04 v6.7b set line spacing
) (/Library/Application Support/MiKTeX/texmfs/install/tex/latex/tools/indentfirst.sty
Package: indentfirst 2023/07/02 v1.03 Indent first paragraph (DPC)
) (/Library/Application Support/MiKTeX/texmfs/install/tex/latex/listings/listings.sty
\lst@mode=\count289
\lst@gtempboxa=\box53
\lst@token=\toks26
\lst@length=\count290
\lst@currlwidth=\dimen165
\lst@column=\count291
\lst@pos=\count292
\lst@lostspace=\dimen166
\lst@width=\dimen167
\lst@newlines=\count293
\lst@lineno=\count294
\lst@maxwidth=\dimen168
 (/Library/Application Support/MiKTeX/texmfs/install/tex/latex/listings/lstpatch.sty
File: lstpatch.sty 2024/03/11 1.10a (Carsten Heinz)
) (/Library/Application Support/MiKTeX/texmfs/install/tex/latex/listings/lstmisc.sty
File: lstmisc.sty 2024/03/11 1.10a (Carsten Heinz)
\c@lstnumber=\count295
\lst@skipnumbers=\count296
\lst@framebox=\box54
) (/Library/Application Support/MiKTeX/texmfs/install/tex/latex/listings/listings.cfg
File: listings.cfg 2024/03/11 1.10a listings configuration
))
Package: listings 2024/03/11 1.10a (Carsten Heinz)
 (/Library/Application Support/MiKTeX/texmfs/install/tex/latex/xcolor/xcolor.sty
Package: xcolor 2023/11/15 v3.01 LaTeX color extensions (UK)
 (/Library/Application Support/MiKTeX/texmfs/install/tex/latex/graphics-cfg/color.cfg
File: color.cfg 2016/01/02 v1.6 sample color configuration
)
Package xcolor Info: Driver file: pdftex.def on input line 274.
 (/Library/Application Support/MiKTeX/texmfs/install/tex/latex/graphics/mathcolor.ltx)
Package xcolor Info: Model `cmy' substituted by `cmy0' on input line 1350.
Package xcolor Info: Model `hsb' substituted by `rgb' on input line 1354.
Package xcolor Info: Model `RGB' extended on input line 1366.
Package xcolor Info: Model `HTML' substituted by `rgb' on input line 1368.
Package xcolor Info: Model `Hsb' substituted by `hsb' on input line 1369.
Package xcolor Info: Model `tHsb' substituted by `hsb' on input line 1370.
Package xcolor Info: Model `HSB' substituted by `hsb' on input line 1371.
Package xcolor Info: Model `Gray' substituted by `gray' on input line 1372.
Package xcolor Info: Model `wave' substituted by `hsb' on input line 1373.
) (/Users/nbr/Library/Application Support/MiKTeX/texmfs/install/tex/latex/sourcecodepro/sourcecodepro.sty
Package: sourcecodepro 2018/01/13 v2.7 Adobe's Source Code Pro typeface
 (/Library/Application Support/MiKTeX/texmfs/install/tex/generic/iftex/ifxetex.sty
Package: ifxetex 2019/10/25 v0.7 ifxetex legacy package. Use iftex instead.
) (/Library/Application Support/MiKTeX/texmfs/install/tex/generic/iftex/ifluatex.sty
Package: ifluatex 2019/10/25 v1.5 ifluatex legacy package. Use iftex instead.
) (/Library/Application Support/MiKTeX/texmfs/install/tex/latex/xkeyval/xkeyval.sty
Package: xkeyval 2022/06/16 v2.9 package option processing (HA)
 (/Library/Application Support/MiKTeX/texmfs/install/tex/generic/xkeyval/xkeyval.tex (/Library/Application Support/MiKTeX/texmfs/install/tex/generic/xkeyval/xkvutils.tex
\XKV@toks=\toks27
\XKV@tempa@toks=\toks28
)
\XKV@depth=\count297
File: xkeyval.tex 2014/12/03 v2.7a key=value parser (HA)
)) (/Library/Application Support/MiKTeX/texmfs/install/tex/latex/base/fontenc.sty
Package: fontenc 2021/04/29 v2.0v Standard LaTeX package
 (/Users/nbr/Library/Application Support/MiKTeX/texmfs/install/tex/latex/ly1/ly1enc.def
File: ly1enc.def 2022/06/11 v0.8 TeX 'n ANSI encoding (DPC/KB)
Now handling font encoding LY1 ...
... processing UTF-8 mapping file for font encoding LY1
 (/Library/Application Support/MiKTeX/texmfs/install/tex/latex/base/ly1enc.dfu
File: ly1enc.dfu 2022/06/07 v1.3c UTF-8 support
   defining Unicode char U+00A0 (decimal 160)
   defining Unicode char U+00A1 (decimal 161)
   defining Unicode char U+00A2 (decimal 162)
   defining Unicode char U+00A3 (decimal 163)
   defining Unicode char U+00A4 (decimal 164)
   defining Unicode char U+00A5 (decimal 165)
   defining Unicode char U+00A6 (decimal 166)
   defining Unicode char U+00A7 (decimal 167)
   defining Unicode char U+00AA (decimal 170)
   defining Unicode char U+00AB (decimal 171)
   defining Unicode char U+00AD (decimal 173)
   defining Unicode char U+00AE (decimal 174)
   defining Unicode char U+00B0 (decimal 176)
   defining Unicode char U+00B5 (decimal 181)
   defining Unicode char U+00B6 (decimal 182)
   defining Unicode char U+00B7 (decimal 183)
   defining Unicode char U+00BA (decimal 186)
   defining Unicode char U+00BB (decimal 187)
   defining Unicode char U+00BC (decimal 188)
   defining Unicode char U+00BD (decimal 189)
   defining Unicode char U+00BE (decimal 190)
   defining Unicode char U+00BF (decimal 191)
   defining Unicode char U+00C0 (decimal 192)
   defining Unicode char U+00C1 (decimal 193)
   defining Unicode char U+00C2 (decimal 194)
   defining Unicode char U+00C3 (decimal 195)
   defining Unicode char U+00C4 (decimal 196)
   defining Unicode char U+00C5 (decimal 197)
   defining Unicode char U+00C6 (decimal 198)
   defining Unicode char U+00C7 (decimal 199)
   defining Unicode char U+00C8 (decimal 200)
   defining Unicode char U+00C9 (decimal 201)
   defining Unicode char U+00CA (decimal 202)
   defining Unicode char U+00CB (decimal 203)
   defining Unicode char U+00CC (decimal 204)
   defining Unicode char U+00CD (decimal 205)
   defining Unicode char U+00CE (decimal 206)
   defining Unicode char U+00CF (decimal 207)
   defining Unicode char U+00D0 (decimal 208)
   defining Unicode char U+00D1 (decimal 209)
   defining Unicode char U+00D2 (decimal 210)
   defining Unicode char U+00D3 (decimal 211)
   defining Unicode char U+00D4 (decimal 212)
   defining Unicode char U+00D5 (decimal 213)
   defining Unicode char U+00D6 (decimal 214)
   defining Unicode char U+00D8 (decimal 216)
   defining Unicode char U+00D9 (decimal 217)
   defining Unicode char U+00DA (decimal 218)
   defining Unicode char U+00DB (decimal 219)
   defining Unicode char U+00DC (decimal 220)
   defining Unicode char U+00DD (decimal 221)
   defining Unicode char U+00DE (decimal 222)
   defining Unicode char U+00DF (decimal 223)
   defining Unicode char U+00E0 (decimal 224)
   defining Unicode char U+00E1 (decimal 225)
   defining Unicode char U+00E2 (decimal 226)
   defining Unicode char U+00E3 (decimal 227)
   defining Unicode char U+00E4 (decimal 228)
   defining Unicode char U+00E5 (decimal 229)
   defining Unicode char U+00E6 (decimal 230)
   defining Unicode char U+00E7 (decimal 231)
   defining Unicode char U+00E8 (decimal 232)
   defining Unicode char U+00E9 (decimal 233)
   defining Unicode char U+00EA (decimal 234)
   defining Unicode char U+00EB (decimal 235)
   defining Unicode char U+00EC (decimal 236)
   defining Unicode char U+00ED (decimal 237)
   defining Unicode char U+00EE (decimal 238)
   defining Unicode char U+00EF (decimal 239)
   defining Unicode char U+00F0 (decimal 240)
   defining Unicode char U+00F1 (decimal 241)
   defining Unicode char U+00F2 (decimal 242)
   defining Unicode char U+00F3 (decimal 243)
   defining Unicode char U+00F4 (decimal 244)
   defining Unicode char U+00F5 (decimal 245)
   defining Unicode char U+00F6 (decimal 246)
   defining Unicode char U+00F8 (decimal 248)
   defining Unicode char U+00F9 (decimal 249)
   defining Unicode char U+00FA (decimal 250)
   defining Unicode char U+00FB (decimal 251)
   defining Unicode char U+00FC (decimal 252)
   defining Unicode char U+00FD (decimal 253)
   defining Unicode char U+00FE (decimal 254)
   defining Unicode char U+00FF (decimal 255)
   defining Unicode char U+0131 (decimal 305)
   defining Unicode char U+0141 (decimal 321)
   defining Unicode char U+0142 (decimal 322)
   defining Unicode char U+0152 (decimal 338)
   defining Unicode char U+0153 (decimal 339)
   defining Unicode char U+0160 (decimal 352)
   defining Unicode char U+0161 (decimal 353)
   defining Unicode char U+0174 (decimal 372)
   defining Unicode char U+0175 (decimal 373)
   defining Unicode char U+0176 (decimal 374)
   defining Unicode char U+0177 (decimal 375)
   defining Unicode char U+0178 (decimal 376)
   defining Unicode char U+017D (decimal 381)
   defining Unicode char U+017E (decimal 382)
   defining Unicode char U+0192 (decimal 402)
   defining Unicode char U+0218 (decimal 536)
   defining Unicode char U+0219 (decimal 537)
   defining Unicode char U+021A (decimal 538)
   defining Unicode char U+021B (decimal 539)
   defining Unicode char U+0237 (decimal 567)
   defining Unicode char U+02C6 (decimal 710)
   defining Unicode char U+02DC (decimal 732)
   defining Unicode char U+2013 (decimal 8211)
   defining Unicode char U+2014 (decimal 8212)
   defining Unicode char U+201C (decimal 8220)
   defining Unicode char U+201D (decimal 8221)
   defining Unicode char U+2020 (decimal 8224)
   defining Unicode char U+2021 (decimal 8225)
   defining Unicode char U+2022 (decimal 8226)
   defining Unicode char U+2026 (decimal 8230)
   defining Unicode char U+2030 (decimal 8240)
   defining Unicode char U+2039 (decimal 8249)
   defining Unicode char U+203A (decimal 8250)
   defining Unicode char U+2122 (decimal 8482)
   defining Unicode char U+FB00 (decimal 64256)
   defining Unicode char U+FB01 (decimal 64257)
   defining Unicode char U+FB02 (decimal 64258)
   defining Unicode char U+FB03 (decimal 64259)
   defining Unicode char U+FB04 (decimal 64260)
   defining Unicode char U+FB05 (decimal 64261)
   defining Unicode char U+FB06 (decimal 64262)
)))) (/Users/nbr/Library/Application Support/MiKTeX/texmfs/install/tex/latex/cmap/cmap.sty
Package: cmap 2021/02/06 v1.0j CMap support: searchable PDF


Package cmap Warning: fontenc already loaded - some fonts may be unprocessed.

) (/Library/Application Support/MiKTeX/texmfs/install/tex/latex/tools/afterpage.sty
Package: afterpage 2023/07/04 v1.08 After-Page Package (DPC)
\AP@output=\toks29
\AP@partial=\box55
\AP@footins=\box56
) (/Users/nbr/Library/Application Support/MiKTeX/texmfs/install/tex/latex/fancyhdr/fancyhdr.sty
Package: fancyhdr 2022/11/09 v4.1 Extensive control of page headers and footers
\f@nch@headwidth=\skip54
\f@nch@O@elh=\skip55
\f@nch@O@erh=\skip56
\f@nch@O@olh=\skip57
\f@nch@O@orh=\skip58
\f@nch@O@elf=\skip59
\f@nch@O@erf=\skip60
\f@nch@O@olf=\skip61
\f@nch@O@orf=\skip62
) (/Library/Application Support/MiKTeX/texmfs/install/tex/generic/babel/babel.sty
Package: babel 2024/02/07 v24.2 The Babel package
\babel@savecnt=\count298
\U@D=\dimen169
\l@unhyphenated=\language79
 (/Library/Application Support/MiKTeX/texmfs/install/tex/generic/babel/txtbabel.def)
\bbl@readstream=\read2
\bbl@dirlevel=\count299

*************************************
* Local config file bblopts.cfg used
*
(/Library/Application Support/MiKTeX/texmfs/install/tex/latex/arabi/bblopts.cfg
File: bblopts.cfg 2005/09/08 v0.1 add Arabic and Farsi to "declared" options of babel
) (/Library/Application Support/MiKTeX/texmfs/install/tex/latex/babel-english/english.ldf
Language: english 2017/06/06 v3.3r English support from the babel system
Package babel Info: Hyphen rules for 'canadian' set to \l@english
(babel)             (\language0). Reported on input line 102.
Package babel Info: Hyphen rules for 'australian' set to \l@ukenglish
(babel)             (\language73). Reported on input line 105.
Package babel Info: Hyphen rules for 'newzealand' set to \l@ukenglish
(babel)             (\language73). Reported on input line 108.
) (/Users/nbr/Library/Application Support/MiKTeX/texmfs/install/tex/latex/babel-russian/russianb.ldf
File: russianb.ldf 2021/01/10 1.3m Russian support for the Babel system
Language: russian 2020/09/09 1.3k Russian support for the Babel system


Package babel Warning: No Cyrillic font encoding has been loaded so far.
(babel)                A font encoding should be declared before babel.
(babel)                Default `T2A' encoding will be loaded  on input line 78.

(/Users/nbr/Library/Application Support/MiKTeX/texmfs/install/tex/latex/cyrillic/t2aenc.def
File: t2aenc.def 2022/06/11 v1.0j Cyrillic encoding definition file
Now handling font encoding T2A ...
... processing UTF-8 mapping file for font encoding T2A
 (/Library/Application Support/MiKTeX/texmfs/install/tex/latex/base/t2aenc.dfu
File: t2aenc.dfu 2022/06/07 v1.3c UTF-8 support
   defining Unicode char U+00A4 (decimal 164)
   defining Unicode char U+00A7 (decimal 167)
   defining Unicode char U+00AB (decimal 171)
   defining Unicode char U+00BB (decimal 187)
   defining Unicode char U+0131 (decimal 305)
   defining Unicode char U+0237 (decimal 567)
   defining Unicode char U+0400 (decimal 1024)
   defining Unicode char U+0401 (decimal 1025)
   defining Unicode char U+0402 (decimal 1026)
   defining Unicode char U+0403 (decimal 1027)
   defining Unicode char U+0404 (decimal 1028)
   defining Unicode char U+0405 (decimal 1029)
   defining Unicode char U+0406 (decimal 1030)
   defining Unicode char U+0407 (decimal 1031)
   defining Unicode char U+0408 (decimal 1032)
   defining Unicode char U+0409 (decimal 1033)
   defining Unicode char U+040A (decimal 1034)
   defining Unicode char U+040B (decimal 1035)
   defining Unicode char U+040C (decimal 1036)
   defining Unicode char U+040D (decimal 1037)
   defining Unicode char U+040E (decimal 1038)
   defining Unicode char U+040F (decimal 1039)
   defining Unicode char U+0410 (decimal 1040)
   defining Unicode char U+0411 (decimal 1041)
   defining Unicode char U+0412 (decimal 1042)
   defining Unicode char U+0413 (decimal 1043)
   defining Unicode char U+0414 (decimal 1044)
   defining Unicode char U+0415 (decimal 1045)
   defining Unicode char U+0416 (decimal 1046)
   defining Unicode char U+0417 (decimal 1047)
   defining Unicode char U+0418 (decimal 1048)
   defining Unicode char U+0419 (decimal 1049)
   defining Unicode char U+041A (decimal 1050)
   defining Unicode char U+041B (decimal 1051)
   defining Unicode char U+041C (decimal 1052)
   defining Unicode char U+041D (decimal 1053)
   defining Unicode char U+041E (decimal 1054)
   defining Unicode char U+041F (decimal 1055)
   defining Unicode char U+0420 (decimal 1056)
   defining Unicode char U+0421 (decimal 1057)
   defining Unicode char U+0422 (decimal 1058)
   defining Unicode char U+0423 (decimal 1059)
   defining Unicode char U+0424 (decimal 1060)
   defining Unicode char U+0425 (decimal 1061)
   defining Unicode char U+0426 (decimal 1062)
   defining Unicode char U+0427 (decimal 1063)
   defining Unicode char U+0428 (decimal 1064)
   defining Unicode char U+0429 (decimal 1065)
   defining Unicode char U+042A (decimal 1066)
   defining Unicode char U+042B (decimal 1067)
   defining Unicode char U+042C (decimal 1068)
   defining Unicode char U+042D (decimal 1069)
   defining Unicode char U+042E (decimal 1070)
   defining Unicode char U+042F (decimal 1071)
   defining Unicode char U+0430 (decimal 1072)
   defining Unicode char U+0431 (decimal 1073)
   defining Unicode char U+0432 (decimal 1074)
   defining Unicode char U+0433 (decimal 1075)
   defining Unicode char U+0434 (decimal 1076)
   defining Unicode char U+0435 (decimal 1077)
   defining Unicode char U+0436 (decimal 1078)
   defining Unicode char U+0437 (decimal 1079)
   defining Unicode char U+0438 (decimal 1080)
   defining Unicode char U+0439 (decimal 1081)
   defining Unicode char U+043A (decimal 1082)
   defining Unicode char U+043B (decimal 1083)
   defining Unicode char U+043C (decimal 1084)
   defining Unicode char U+043D (decimal 1085)
   defining Unicode char U+043E (decimal 1086)
   defining Unicode char U+043F (decimal 1087)
   defining Unicode char U+0440 (decimal 1088)
   defining Unicode char U+0441 (decimal 1089)
   defining Unicode char U+0442 (decimal 1090)
   defining Unicode char U+0443 (decimal 1091)
   defining Unicode char U+0444 (decimal 1092)
   defining Unicode char U+0445 (decimal 1093)
   defining Unicode char U+0446 (decimal 1094)
   defining Unicode char U+0447 (decimal 1095)
   defining Unicode char U+0448 (decimal 1096)
   defining Unicode char U+0449 (decimal 1097)
   defining Unicode char U+044A (decimal 1098)
   defining Unicode char U+044B (decimal 1099)
   defining Unicode char U+044C (decimal 1100)
   defining Unicode char U+044D (decimal 1101)
   defining Unicode char U+044E (decimal 1102)
   defining Unicode char U+044F (decimal 1103)
   defining Unicode char U+0450 (decimal 1104)
   defining Unicode char U+0451 (decimal 1105)
   defining Unicode char U+0452 (decimal 1106)
   defining Unicode char U+0453 (decimal 1107)
   defining Unicode char U+0454 (decimal 1108)
   defining Unicode char U+0455 (decimal 1109)
   defining Unicode char U+0456 (decimal 1110)
   defining Unicode char U+0457 (decimal 1111)
   defining Unicode char U+0458 (decimal 1112)
   defining Unicode char U+0459 (decimal 1113)
   defining Unicode char U+045A (decimal 1114)
   defining Unicode char U+045B (decimal 1115)
   defining Unicode char U+045C (decimal 1116)
   defining Unicode char U+045D (decimal 1117)
   defining Unicode char U+045E (decimal 1118)
   defining Unicode char U+045F (decimal 1119)
   defining Unicode char U+0490 (decimal 1168)
   defining Unicode char U+0491 (decimal 1169)
   defining Unicode char U+0492 (decimal 1170)
   defining Unicode char U+0493 (decimal 1171)
   defining Unicode char U+0496 (decimal 1174)
   defining Unicode char U+0497 (decimal 1175)
   defining Unicode char U+0498 (decimal 1176)
   defining Unicode char U+0499 (decimal 1177)
   defining Unicode char U+049A (decimal 1178)
   defining Unicode char U+049B (decimal 1179)
   defining Unicode char U+049C (decimal 1180)
   defining Unicode char U+049D (decimal 1181)
   defining Unicode char U+04A0 (decimal 1184)
   defining Unicode char U+04A1 (decimal 1185)
   defining Unicode char U+04A2 (decimal 1186)
   defining Unicode char U+04A3 (decimal 1187)
   defining Unicode char U+04A4 (decimal 1188)
   defining Unicode char U+04A5 (decimal 1189)
   defining Unicode char U+04AA (decimal 1194)
   defining Unicode char U+04AB (decimal 1195)
   defining Unicode char U+04AE (decimal 1198)
   defining Unicode char U+04AF (decimal 1199)
   defining Unicode char U+04B0 (decimal 1200)
   defining Unicode char U+04B1 (decimal 1201)
   defining Unicode char U+04B2 (decimal 1202)
   defining Unicode char U+04B3 (decimal 1203)
   defining Unicode char U+04B6 (decimal 1206)
   defining Unicode char U+04B7 (decimal 1207)
   defining Unicode char U+04B8 (decimal 1208)
   defining Unicode char U+04B9 (decimal 1209)
   defining Unicode char U+04BA (decimal 1210)
   defining Unicode char U+04BB (decimal 1211)
   defining Unicode char U+04C0 (decimal 1216)
   defining Unicode char U+04C1 (decimal 1217)
   defining Unicode char U+04C2 (decimal 1218)
   defining Unicode char U+04D0 (decimal 1232)
   defining Unicode char U+04D1 (decimal 1233)
   defining Unicode char U+04D2 (decimal 1234)
   defining Unicode char U+04D3 (decimal 1235)
   defining Unicode char U+04D4 (decimal 1236)
   defining Unicode char U+04D5 (decimal 1237)
   defining Unicode char U+04D6 (decimal 1238)
   defining Unicode char U+04D7 (decimal 1239)
   defining Unicode char U+04D8 (decimal 1240)
   defining Unicode char U+04D9 (decimal 1241)
   defining Unicode char U+04DA (decimal 1242)
   defining Unicode char U+04DB (decimal 1243)
   defining Unicode char U+04DC (decimal 1244)
   defining Unicode char U+04DD (decimal 1245)
   defining Unicode char U+04DE (decimal 1246)
   defining Unicode char U+04DF (decimal 1247)
   defining Unicode char U+04E2 (decimal 1250)
   defining Unicode char U+04E3 (decimal 1251)
   defining Unicode char U+04E4 (decimal 1252)
   defining Unicode char U+04E5 (decimal 1253)
   defining Unicode char U+04E6 (decimal 1254)
   defining Unicode char U+04E7 (decimal 1255)
   defining Unicode char U+04E8 (decimal 1256)
   defining Unicode char U+04E9 (decimal 1257)
   defining Unicode char U+04EC (decimal 1260)
   defining Unicode char U+04ED (decimal 1261)
   defining Unicode char U+04EE (decimal 1262)
   defining Unicode char U+04EF (decimal 1263)
   defining Unicode char U+04F0 (decimal 1264)
   defining Unicode char U+04F1 (decimal 1265)
   defining Unicode char U+04F2 (decimal 1266)
   defining Unicode char U+04F3 (decimal 1267)
   defining Unicode char U+04F4 (decimal 1268)
   defining Unicode char U+04F5 (decimal 1269)
   defining Unicode char U+04F8 (decimal 1272)
   defining Unicode char U+04F9 (decimal 1273)
   defining Unicode char U+200C (decimal 8204)
   defining Unicode char U+2013 (decimal 8211)
   defining Unicode char U+2014 (decimal 8212)
   defining Unicode char U+2018 (decimal 8216)
   defining Unicode char U+2019 (decimal 8217)
   defining Unicode char U+201C (decimal 8220)
   defining Unicode char U+201D (decimal 8221)
   defining Unicode char U+201E (decimal 8222)
   defining Unicode char U+2030 (decimal 8240)
   defining Unicode char U+2031 (decimal 8241)
   defining Unicode char U+2116 (decimal 8470)
   defining Unicode char U+2329 (decimal 9001)
   defining Unicode char U+3008 (decimal 12296)
   defining Unicode char U+232A (decimal 9002)
   defining Unicode char U+3009 (decimal 12297)
   defining Unicode char U+2423 (decimal 9251)
   defining Unicode char U+27E8 (decimal 10216)
   defining Unicode char U+27E9 (decimal 10217)
   defining Unicode char U+FB00 (decimal 64256)
   defining Unicode char U+FB01 (decimal 64257)
   defining Unicode char U+FB02 (decimal 64258)
   defining Unicode char U+FB03 (decimal 64259)
   defining Unicode char U+FB04 (decimal 64260)
   defining Unicode char U+FB05 (decimal 64261)
   defining Unicode char U+FB06 (decimal 64262)
))
Package babel Info: Making " an active character on input line 124.
Package babel Info: Default for \cyrdash is provided on input line 163.
)) (/Library/Application Support/MiKTeX/texmfs/install/tex/generic/babel/locale/ru/babel-russian.tex
Package babel Info: Importing font and identification data for russian
(babel)             from babel-ru.ini. Reported on input line 11.
) (/Library/Application Support/MiKTeX/texmfs/install/tex/generic/babel/locale/en/babel-english.tex
Package babel Info: Importing font and identification data for english
(babel)             from babel-en.ini. Reported on input line 11.
)
Package hyperref Info: Option `colorlinks' set `true' on input line 45.
 (/Library/Application Support/MiKTeX/texmfs/install/tex/latex/listings/lstlang1.sty
File: lstlang1.sty 2024/03/11 1.10a listings language file
) (/Library/Application Support/MiKTeX/texmfs/install/tex/latex/l3backend/l3backend-pdftex.def
File: l3backend-pdftex.def 2024-03-14 L3 backend support: PDF output (pdfTeX)
\l__color_backend_stack_int=\count300
\l__pdf_internal_box=\box57
) (main.aux (unformal_title.aux)
LaTeX Font Info:    Trying to load font information for T2A+cmr on input line 9.
 (/Users/nbr/Library/Application Support/MiKTeX/texmfs/install/tex/latex/cyrillic/t2acmr.fd
File: t2acmr.fd 2001/08/11 v1.0a Computer Modern Cyrillic font definitions
)<<t2a.cmap>> (content.aux))
\openout1 = `main.aux'.

LaTeX Font Info:    Checking defaults for OML/cmm/m/it on input line 137.
LaTeX Font Info:    ... okay on input line 137.
LaTeX Font Info:    Checking defaults for OMS/cmsy/m/n on input line 137.
LaTeX Font Info:    ... okay on input line 137.
LaTeX Font Info:    Checking defaults for OT1/cmr/m/n on input line 137.
LaTeX Font Info:    ... okay on input line 137.
LaTeX Font Info:    Checking defaults for T1/cmr/m/n on input line 137.
LaTeX Font Info:    ... okay on input line 137.
LaTeX Font Info:    Checking defaults for TS1/cmr/m/n on input line 137.
LaTeX Font Info:    ... okay on input line 137.
LaTeX Font Info:    Checking defaults for OMX/cmex/m/n on input line 137.
LaTeX Font Info:    ... okay on input line 137.
LaTeX Font Info:    Checking defaults for U/cmr/m/n on input line 137.
LaTeX Font Info:    ... okay on input line 137.
LaTeX Font Info:    Checking defaults for PD1/pdf/m/n on input line 137.
LaTeX Font Info:    ... okay on input line 137.
LaTeX Font Info:    Checking defaults for PU/pdf/m/n on input line 137.
LaTeX Font Info:    ... okay on input line 137.
LaTeX Font Info:    Checking defaults for LY1/ptm/m/n on input line 137.
LaTeX Font Info:    Trying to load font information for LY1+ptm on input line 137.
 (/Users/nbr/Library/Application Support/MiKTeX/texmfs/install/tex/latex/ly1/ly1ptm.fd
File: ly1ptm.fd 2001/02/01 font definitions for LY1/ptm using Berry names.
)
LaTeX Font Info:    ... okay on input line 137.
LaTeX Font Info:    Checking defaults for T2A/cmr/m/n on input line 137.
LaTeX Font Info:    ... okay on input line 137.

*geometry* driver: auto-detecting
*geometry* detected driver: pdftex
*geometry* verbose mode - [ preamble ] result:
* driver: pdftex
* paper: a4paper
* layout: <same size as paper>
* layoutoffset:(h,v)=(0.0pt,0.0pt)
* modes: 
* h-part:(L,W,R)=(48.36967pt, 500.76852pt, 48.36967pt)
* v-part:(T,H,B)=(48.36967pt, 739.77167pt, 56.9055pt)
* \paperwidth=597.50787pt
* \paperheight=845.04684pt
* \textwidth=500.76852pt
* \textheight=739.77167pt
* \oddsidemargin=-23.90031pt
* \evensidemargin=-23.90031pt
* \topmargin=-60.88887pt
* \headheight=22.76219pt
* \headsep=14.22636pt
* \topskip=14.0pt
* \footskip=30.0pt
* \marginparwidth=0.0pt
* \marginparsep=0.0pt
* \columnsep=10.0pt
* \skip\footins=12.0pt plus 4.0pt minus 2.0pt
* \hoffset=0.0pt
* \voffset=0.0pt
* \mag=1000
* \@twocolumnfalse
* \@twosidefalse
* \@mparswitchfalse
* \@reversemarginfalse
* (1in=72.27pt=25.4mm, 1cm=28.453pt)

(/Library/Application Support/MiKTeX/texmfs/install/tex/context/base/mkii/supp-pdf.mkii
[Loading MPS to PDF converter (version 2006.09.02).]
\scratchcounter=\count301
\scratchdimen=\dimen170
\scratchbox=\box58
\nofMPsegments=\count302
\nofMParguments=\count303
\everyMPshowfont=\toks30
\MPscratchCnt=\count304
\MPscratchDim=\dimen171
\MPnumerator=\count305
\makeMPintoPDFobject=\count306
\everyMPtoPDFconversion=\toks31
) (/Library/Application Support/MiKTeX/texmfs/install/tex/latex/epstopdf-pkg/epstopdf-base.sty
Package: epstopdf-base 2020-01-24 v2.11 Base part for package epstopdf
 (/Users/nbr/Library/Application Support/MiKTeX/texmfs/install/tex/latex/grfext/grfext.sty
Package: grfext 2019/12/03 v1.3 Manage graphics extensions (HO)
)
Package epstopdf-base Info: Redefining graphics rule for `.eps' on input line 485.
Package grfext Info: Graphics extension search list:
(grfext)             [.pdf,.png,.jpg,.mps,.jpeg,.jbig2,.jb2,.PDF,.PNG,.JPG,.JPEG,.JBIG2,.JB2,.eps]
(grfext)             \AppendGraphicsExtensions on input line 504.
 (/Library/Application Support/MiKTeX/texmfs/install/tex/latex/00miktex/epstopdf-sys.cfg
File: epstopdf-sys.cfg 2021/03/18 v2.0 Configuration of epstopdf for MiKTeX
))
Package hyperref Info: Link coloring ON on input line 137.
 (main.out) (main.out)
\@outlinefile=\write3
\openout3 = `main.out'.

\c@lstlisting=\count307
LaTeX Info: Redefining \th on input line 137.
\openout2 = `unformal_title.aux'.

 (unformal_title.tex
<media/ITMO_logo.png, id=52, 1043.9pt x 411.5375pt>
File: media/ITMO_logo.png Graphic file (type png)
<use media/ITMO_logo.png>
Package pdftex.def Info: media/ITMO_logo.png  used on input line 40.
(pdftex.def)             Requested size: 142.26378pt x 56.08264pt.
<<ot1.cmap>><<oml.cmap>><<oms.cmap>><<omx.cmap>>

LaTeX Warning: No \author given.

[1


{/Users/nbr/Library/Application Support/MiKTeX/texmfs/data/fonts/map/pdftex/pdftex.map} <./media/ITMO_logo.png>]) (main.toc)
\tf@toc=\write4
\openout4 = `main.toc'.

 [2


]
\openout2 = `content.aux'.

 (content.tex (1task.tex
<media/1 task/high_freq/Initial.png, id=89, 578.16pt x 433.62pt>
File: media/1 task/high_freq/Initial.png Graphic file (type png)
<use media/1 task/high_freq/Initial.png>
Package pdftex.def Info: media/1 task/high_freq/Initial.png  used on input line 15.
(pdftex.def)             Requested size: 500.76852pt x 375.57239pt.
<<t1.cmap>> [3

 <./media/1 task/high_freq/Initial.png>]
<media/1 task/high_freq/Noisy_0,25.png, id=101, 462.528pt x 346.896pt>
File: media/1 task/high_freq/Noisy_0,25.png Graphic file (type png)
<use media/1 task/high_freq/Noisy_0,25.png>
Package pdftex.def Info: media/1 task/high_freq/Noisy_0,25.png  used on input line 36.
(pdftex.def)             Requested size: 346.89514pt x 260.17136pt.
 [4

 <./media/1 task/high_freq/Noisy_0,25.png>]
<media/1 task/high_freq/Noisy_1.png, id=109, 462.528pt x 346.896pt>
File: media/1 task/high_freq/Noisy_1.png Graphic file (type png)
<use media/1 task/high_freq/Noisy_1.png>
Package pdftex.def Info: media/1 task/high_freq/Noisy_1.png  used on input line 45.
(pdftex.def)             Requested size: 346.89514pt x 260.17136pt.
<media/1 task/high_freq/Noisy_4.png, id=110, 462.528pt x 346.896pt>
File: media/1 task/high_freq/Noisy_4.png Graphic file (type png)
<use media/1 task/high_freq/Noisy_4.png>
Package pdftex.def Info: media/1 task/high_freq/Noisy_4.png  used on input line 52.
(pdftex.def)             Requested size: 346.89514pt x 260.17136pt.
 [5

 <./media/1 task/high_freq/Noisy_1.png> <./media/1 task/high_freq/Noisy_4.png>]
<media/1 task/high_freq/Fourier_Image_0,25_-0,5975975975975976.png, id=119, 722.7pt x 433.62pt>
File: media/1 task/high_freq/Fourier_Image_0,25_-0,5975975975975976.png Graphic file (type png)
<use media/1 task/high_freq/Fourier_Image_0,25_-0,5975975975975976.png>
Package pdftex.def Info: media/1 task/high_freq/Fourier_Image_0,25_-0,5975975975975976.png  used on input line 64.
(pdftex.def)             Requested size: 397.48622pt x 238.49173pt.
<media/1 task/high_freq/Fourier_Image_Comparison_0,25_-0,5975975975975976.png, id=120, 462.528pt x 346.896pt>
File: media/1 task/high_freq/Fourier_Image_Comparison_0,25_-0,5975975975975976.png Graphic file (type png)
<use media/1 task/high_freq/Fourier_Image_Comparison_0,25_-0,5975975975975976.png>
Package pdftex.def Info: media/1 task/high_freq/Fourier_Image_Comparison_0,25_-0,5975975975975976.png  used on input line 71.
(pdftex.def)             Requested size: 254.39117pt x 190.79338pt.
<media/1 task/high_freq/Fourier_Image_0,25_-1,1981981981981982.png, id=121, 722.7pt x 433.62pt>
File: media/1 task/high_freq/Fourier_Image_0,25_-1,1981981981981982.png Graphic file (type png)
<use media/1 task/high_freq/Fourier_Image_0,25_-1,1981981981981982.png>
Package pdftex.def Info: media/1 task/high_freq/Fourier_Image_0,25_-1,1981981981981982.png  used on input line 78.
(pdftex.def)             Requested size: 397.48622pt x 238.49173pt.
<media/1 task/high_freq/Fourier_Image_Comparison_0,25_-1,1981981981981982.png, id=122, 462.528pt x 346.896pt>
File: media/1 task/high_freq/Fourier_Image_Comparison_0,25_-1,1981981981981982.png Graphic file (type png)
<use media/1 task/high_freq/Fourier_Image_Comparison_0,25_-1,1981981981981982.png>
Package pdftex.def Info: media/1 task/high_freq/Fourier_Image_Comparison_0,25_-1,1981981981981982.png  used on input line 85.
(pdftex.def)             Requested size: 254.39117pt x 190.79338pt.
 [6 <./media/1 task/high_freq/Fourier_Image_0,25_-0,5975975975975976.png> <./media/1 task/high_freq/Fourier_Image_Comparison_0,25_-0,5975975975975976.png>] [7 <./media/1 task/high_freq/Fourier_Image_0,25_-1,1981981981981982.png> <./media/1 task/high_freq/Fourier_Image_Comparison_0,25_-1,1981981981981982.png>]
<media/1 task/high_freq/Fourier_Image_0,25_-1,7987987987987988.png, id=141, 722.7pt x 433.62pt>
File: media/1 task/high_freq/Fourier_Image_0,25_-1,7987987987987988.png Graphic file (type png)
<use media/1 task/high_freq/Fourier_Image_0,25_-1,7987987987987988.png>
Package pdftex.def Info: media/1 task/high_freq/Fourier_Image_0,25_-1,7987987987987988.png  used on input line 94.
(pdftex.def)             Requested size: 397.48622pt x 238.49173pt.
<media/1 task/high_freq/Fourier_Image_Comparison_0,25_-1,7987987987987988.png, id=142, 462.528pt x 346.896pt>
File: media/1 task/high_freq/Fourier_Image_Comparison_0,25_-1,7987987987987988.png Graphic file (type png)
<use media/1 task/high_freq/Fourier_Image_Comparison_0,25_-1,7987987987987988.png>
Package pdftex.def Info: media/1 task/high_freq/Fourier_Image_Comparison_0,25_-1,7987987987987988.png  used on input line 101.
(pdftex.def)             Requested size: 254.39117pt x 190.79338pt.
 [8

 <./media/1 task/high_freq/Fourier_Image_0,25_-1,7987987987987988.png> <./media/1 task/high_freq/Fourier_Image_Comparison_0,25_-1,7987987987987988.png>]
<media/1 task/high_freq/Cleaned_0,25_-0,5975975975975976.png, id=151, 462.528pt x 346.896pt>
File: media/1 task/high_freq/Cleaned_0,25_-0,5975975975975976.png Graphic file (type png)
<use media/1 task/high_freq/Cleaned_0,25_-0,5975975975975976.png>
Package pdftex.def Info: media/1 task/high_freq/Cleaned_0,25_-0,5975975975975976.png  used on input line 112.
(pdftex.def)             Requested size: 393.15065pt x 294.86298pt.
<media/1 task/high_freq/Cleaned_0,25_-1,1981981981981982.png, id=152, 462.528pt x 346.896pt>
File: media/1 task/high_freq/Cleaned_0,25_-1,1981981981981982.png Graphic file (type png)
<use media/1 task/high_freq/Cleaned_0,25_-1,1981981981981982.png>
Package pdftex.def Info: media/1 task/high_freq/Cleaned_0,25_-1,1981981981981982.png  used on input line 119.
(pdftex.def)             Requested size: 393.15065pt x 294.86298pt.
 [9

 <./media/1 task/high_freq/Cleaned_0,25_-0,5975975975975976.png> <./media/1 task/high_freq/Cleaned_0,25_-1,1981981981981982.png>]
<media/1 task/high_freq/Cleaned_0,25_-1,7987987987987988.png, id=161, 462.528pt x 346.896pt>
File: media/1 task/high_freq/Cleaned_0,25_-1,7987987987987988.png Graphic file (type png)
<use media/1 task/high_freq/Cleaned_0,25_-1,7987987987987988.png>
Package pdftex.def Info: media/1 task/high_freq/Cleaned_0,25_-1,7987987987987988.png  used on input line 128.
(pdftex.def)             Requested size: 393.15065pt x 294.86298pt.
<media/1 task/high_freq/Fourier_Image_1_-1,1981981981981982.png, id=162, 722.7pt x 433.62pt>
File: media/1 task/high_freq/Fourier_Image_1_-1,1981981981981982.png Graphic file (type png)
<use media/1 task/high_freq/Fourier_Image_1_-1,1981981981981982.png>
Package pdftex.def Info: media/1 task/high_freq/Fourier_Image_1_-1,1981981981981982.png  used on input line 141.
(pdftex.def)             Requested size: 397.48622pt x 238.49173pt.
<media/1 task/high_freq/Fourier_Image_Comparison_1_-1,1981981981981982.png, id=163, 462.528pt x 346.896pt>
File: media/1 task/high_freq/Fourier_Image_Comparison_1_-1,1981981981981982.png Graphic file (type png)
<use media/1 task/high_freq/Fourier_Image_Comparison_1_-1,1981981981981982.png>
Package pdftex.def Info: media/1 task/high_freq/Fourier_Image_Comparison_1_-1,1981981981981982.png  used on input line 148.
(pdftex.def)             Requested size: 254.39117pt x 190.79338pt.
<media/1 task/high_freq/Fourier_Image_4_-1,1981981981981982.png, id=164, 722.7pt x 433.62pt>
File: media/1 task/high_freq/Fourier_Image_4_-1,1981981981981982.png Graphic file (type png)
<use media/1 task/high_freq/Fourier_Image_4_-1,1981981981981982.png>
Package pdftex.def Info: media/1 task/high_freq/Fourier_Image_4_-1,1981981981981982.png  used on input line 155.
(pdftex.def)             Requested size: 397.48622pt x 238.49173pt.
<media/1 task/high_freq/Fourier_Image_Comparison_4_-1,1981981981981982.png, id=165, 462.528pt x 346.896pt>
File: media/1 task/high_freq/Fourier_Image_Comparison_4_-1,1981981981981982.png Graphic file (type png)
<use media/1 task/high_freq/Fourier_Image_Comparison_4_-1,1981981981981982.png>
Package pdftex.def Info: media/1 task/high_freq/Fourier_Image_Comparison_4_-1,1981981981981982.png  used on input line 162.
(pdftex.def)             Requested size: 254.39117pt x 190.79338pt.
 [10

 <./media/1 task/high_freq/Cleaned_0,25_-1,7987987987987988.png>] [11 <./media/1 task/high_freq/Fourier_Image_1_-1,1981981981981982.png> <./media/1 task/high_freq/Fourier_Image_Comparison_1_-1,1981981981981982.png>] [12 <./media/1 task/high_freq/Fourier_Image_4_-1,1981981981981982.png> <./media/1 task/high_freq/Fourier_Image_Comparison_4_-1,1981981981981982.png>]
<media/1 task/high_freq/Cleaned_1_-1,1981981981981982.png, id=188, 462.528pt x 346.896pt>
File: media/1 task/high_freq/Cleaned_1_-1,1981981981981982.png Graphic file (type png)
<use media/1 task/high_freq/Cleaned_1_-1,1981981981981982.png>
Package pdftex.def Info: media/1 task/high_freq/Cleaned_1_-1,1981981981981982.png  used on input line 173.
(pdftex.def)             Requested size: 393.15065pt x 294.86298pt.
<media/1 task/high_freq/Cleaned_4_-1,1981981981981982.png, id=189, 462.528pt x 346.896pt>
File: media/1 task/high_freq/Cleaned_4_-1,1981981981981982.png Graphic file (type png)
<use media/1 task/high_freq/Cleaned_4_-1,1981981981981982.png>
Package pdftex.def Info: media/1 task/high_freq/Cleaned_4_-1,1981981981981982.png  used on input line 180.
(pdftex.def)             Requested size: 393.15065pt x 294.86298pt.
 [13

 <./media/1 task/high_freq/Cleaned_1_-1,1981981981981982.png> <./media/1 task/high_freq/Cleaned_4_-1,1981981981981982.png>] [14]

Package hyperref Warning: Token not allowed in a PDF string (Unicode):
(hyperref)                removing `math shift' on input line 192.


Package hyperref Warning: Token not allowed in a PDF string (Unicode):
(hyperref)                removing `math shift' on input line 192.

<media/1 task/specific_freq/Noisy_0_2_2.png, id=209, 462.528pt x 346.896pt>
File: media/1 task/specific_freq/Noisy_0_2_2.png Graphic file (type png)
<use media/1 task/specific_freq/Noisy_0_2_2.png>
Package pdftex.def Info: media/1 task/specific_freq/Noisy_0_2_2.png  used on input line 198.
(pdftex.def)             Requested size: 346.89514pt x 260.17136pt.
[15

 <./media/1 task/specific_freq/Noisy_0_2_2.png>]
<media/1 task/specific_freq/Noisy_0_4_2.png, id=216, 462.528pt x 346.896pt>
File: media/1 task/specific_freq/Noisy_0_4_2.png Graphic file (type png)
<use media/1 task/specific_freq/Noisy_0_4_2.png>
Package pdftex.def Info: media/1 task/specific_freq/Noisy_0_4_2.png  used on input line 207.
(pdftex.def)             Requested size: 346.89514pt x 260.17136pt.
<media/1 task/specific_freq/Noisy_0_2_4.png, id=217, 462.528pt x 346.896pt>
File: media/1 task/specific_freq/Noisy_0_2_4.png Graphic file (type png)
<use media/1 task/specific_freq/Noisy_0_2_4.png>
Package pdftex.def Info: media/1 task/specific_freq/Noisy_0_2_4.png  used on input line 214.
(pdftex.def)             Requested size: 346.89514pt x 260.17136pt.
<media/1 task/specific_freq/Fourier_Image_0_2_2_-1,0_-0,22_-2,99_-2,7.png, id=218, 722.7pt x 433.62pt>
File: media/1 task/specific_freq/Fourier_Image_0_2_2_-1,0_-0,22_-2,99_-2,7.png Graphic file (type png)
<use media/1 task/specific_freq/Fourier_Image_0_2_2_-1,0_-0,22_-2,99_-2,7.png>
Package pdftex.def Info: media/1 task/specific_freq/Fourier_Image_0_2_2_-1,0_-0,22_-2,99_-2,7.png  used on input line 224.
(pdftex.def)             Requested size: 397.48622pt x 238.49173pt.
<media/1 task/specific_freq/Fourier_Image_Comparison_0_2_2_-1,0_-0,22_-2,99_-2,7.png, id=219, 462.528pt x 346.896pt>
File: media/1 task/specific_freq/Fourier_Image_Comparison_0_2_2_-1,0_-0,22_-2,99_-2,7.png Graphic file (type png)
<use media/1 task/specific_freq/Fourier_Image_Comparison_0_2_2_-1,0_-0,22_-2,99_-2,7.png>
Package pdftex.def Info: media/1 task/specific_freq/Fourier_Image_Comparison_0_2_2_-1,0_-0,22_-2,99_-2,7.png  used on input line 231.
(pdftex.def)             Requested size: 254.39117pt x 190.79338pt.
<media/1 task/specific_freq/Fourier_Image_0_4_2_-1,0_-0,22_-2,99_-2,7.png, id=220, 722.7pt x 433.62pt>
File: media/1 task/specific_freq/Fourier_Image_0_4_2_-1,0_-0,22_-2,99_-2,7.png Graphic file (type png)
<use media/1 task/specific_freq/Fourier_Image_0_4_2_-1,0_-0,22_-2,99_-2,7.png>
Package pdftex.def Info: media/1 task/specific_freq/Fourier_Image_0_4_2_-1,0_-0,22_-2,99_-2,7.png  used on input line 238.
(pdftex.def)             Requested size: 397.48622pt x 238.49173pt.
<media/1 task/specific_freq/Fourier_Image_Comparison_0_4_2_-1,0_-0,22_-2,99_-2,7.png, id=221, 462.528pt x 346.896pt>
File: media/1 task/specific_freq/Fourier_Image_Comparison_0_4_2_-1,0_-0,22_-2,99_-2,7.png Graphic file (type png)
<use media/1 task/specific_freq/Fourier_Image_Comparison_0_4_2_-1,0_-0,22_-2,99_-2,7.png>
Package pdftex.def Info: media/1 task/specific_freq/Fourier_Image_Comparison_0_4_2_-1,0_-0,22_-2,99_-2,7.png  used on input line 245.
(pdftex.def)             Requested size: 254.39117pt x 190.79338pt.
 [16

 <./media/1 task/specific_freq/Noisy_0_4_2.png> <./media/1 task/specific_freq/Noisy_0_2_4.png>] [17 <./media/1 task/specific_freq/Fourier_Image_0_2_2_-1,0_-0,22_-2,99_-2,7.png> <./media/1 task/specific_freq/Fourier_Image_Comparison_0_2_2_-1,0_-0,22_-2,99_-2,7.png>] [18 <./media/1 task/specific_freq/Fourier_Image_0_4_2_-1,0_-0,22_-2,99_-2,7.png> <./media/1 task/specific_freq/Fourier_Image_Comparison_0_4_2_-1,0_-0,22_-2,99_-2,7.png>]
<media/1 task/specific_freq/Fourier_Image_0_2_4_-1,0_-0,22_-2,99_-2,7.png, id=246, 722.7pt x 433.62pt>
File: media/1 task/specific_freq/Fourier_Image_0_2_4_-1,0_-0,22_-2,99_-2,7.png Graphic file (type png)
<use media/1 task/specific_freq/Fourier_Image_0_2_4_-1,0_-0,22_-2,99_-2,7.png>
Package pdftex.def Info: media/1 task/specific_freq/Fourier_Image_0_2_4_-1,0_-0,22_-2,99_-2,7.png  used on input line 254.
(pdftex.def)             Requested size: 397.48622pt x 238.49173pt.
<media/1 task/specific_freq/Fourier_Image_Comparison_0_2_4_-1,0_-0,22_-2,99_-2,7.png, id=247, 462.528pt x 346.896pt>
File: media/1 task/specific_freq/Fourier_Image_Comparison_0_2_4_-1,0_-0,22_-2,99_-2,7.png Graphic file (type png)
<use media/1 task/specific_freq/Fourier_Image_Comparison_0_2_4_-1,0_-0,22_-2,99_-2,7.png>
Package pdftex.def Info: media/1 task/specific_freq/Fourier_Image_Comparison_0_2_4_-1,0_-0,22_-2,99_-2,7.png  used on input line 261.
(pdftex.def)             Requested size: 254.39117pt x 190.79338pt.
<media/1 task/specific_freq/Cleaned_0_2_2_-1,0_-0,22_-2,99_-2,7.png, id=248, 462.528pt x 346.896pt>
File: media/1 task/specific_freq/Cleaned_0_2_2_-1,0_-0,22_-2,99_-2,7.png Graphic file (type png)
<use media/1 task/specific_freq/Cleaned_0_2_2_-1,0_-0,22_-2,99_-2,7.png>
Package pdftex.def Info: media/1 task/specific_freq/Cleaned_0_2_2_-1,0_-0,22_-2,99_-2,7.png  used on input line 270.
(pdftex.def)             Requested size: 346.89514pt x 260.17136pt.
 [19

 <./media/1 task/specific_freq/Fourier_Image_0_2_4_-1,0_-0,22_-2,99_-2,7.png> <./media/1 task/specific_freq/Fourier_Image_Comparison_0_2_4_-1,0_-0,22_-2,99_-2,7.png>]
<media/1 task/specific_freq/Cleaned_0_4_2_-1,0_-0,22_-2,99_-2,7.png, id=258, 462.528pt x 346.896pt>
File: media/1 task/specific_freq/Cleaned_0_4_2_-1,0_-0,22_-2,99_-2,7.png Graphic file (type png)
<use media/1 task/specific_freq/Cleaned_0_4_2_-1,0_-0,22_-2,99_-2,7.png>
Package pdftex.def Info: media/1 task/specific_freq/Cleaned_0_4_2_-1,0_-0,22_-2,99_-2,7.png  used on input line 277.
(pdftex.def)             Requested size: 346.89514pt x 260.17136pt.
 [20 <./media/1 task/specific_freq/Cleaned_0_2_2_-1,0_-0,22_-2,99_-2,7.png> <./media/1 task/specific_freq/Cleaned_0_4_2_-1,0_-0,22_-2,99_-2,7.png>]
<media/1 task/specific_freq/Cleaned_0_2_4_-1,0_-0,22_-2,99_-2,7.png, id=267, 462.528pt x 346.896pt>
File: media/1 task/specific_freq/Cleaned_0_2_4_-1,0_-0,22_-2,99_-2,7.png Graphic file (type png)
<use media/1 task/specific_freq/Cleaned_0_2_4_-1,0_-0,22_-2,99_-2,7.png>
Package pdftex.def Info: media/1 task/specific_freq/Cleaned_0_2_4_-1,0_-0,22_-2,99_-2,7.png  used on input line 286.
(pdftex.def)             Requested size: 346.89514pt x 260.17136pt.
 [21

 <./media/1 task/specific_freq/Cleaned_0_2_4_-1,0_-0,22_-2,99_-2,7.png>]

Package hyperref Warning: Token not allowed in a PDF string (Unicode):
(hyperref)                removing `math shift' on input line 295.


Package hyperref Warning: Token not allowed in a PDF string (Unicode):
(hyperref)                removing `math shift' on input line 295.

<media/1 task/specific_freq/Noisy_1_4_2.png, id=274, 462.528pt x 346.896pt>
File: media/1 task/specific_freq/Noisy_1_4_2.png Graphic file (type png)
<use media/1 task/specific_freq/Noisy_1_4_2.png>
Package pdftex.def Info: media/1 task/specific_freq/Noisy_1_4_2.png  used on input line 301.
(pdftex.def)             Requested size: 346.89514pt x 260.17136pt.
<media/1 task/specific_freq/Noisy_2_4_2.png, id=275, 462.528pt x 346.896pt>
File: media/1 task/specific_freq/Noisy_2_4_2.png Graphic file (type png)
<use media/1 task/specific_freq/Noisy_2_4_2.png>
Package pdftex.def Info: media/1 task/specific_freq/Noisy_2_4_2.png  used on input line 308.
(pdftex.def)             Requested size: 346.89514pt x 260.17136pt.
[22

 <./media/1 task/specific_freq/Noisy_1_4_2.png> <./media/1 task/specific_freq/Noisy_2_4_2.png>]
<media/1 task/specific_freq/Noisy_3_4_2.png, id=284, 462.528pt x 346.896pt>
File: media/1 task/specific_freq/Noisy_3_4_2.png Graphic file (type png)
<use media/1 task/specific_freq/Noisy_3_4_2.png>
Package pdftex.def Info: media/1 task/specific_freq/Noisy_3_4_2.png  used on input line 317.
(pdftex.def)             Requested size: 346.89514pt x 260.17136pt.
 [23

 <./media/1 task/specific_freq/Noisy_3_4_2.png>]
<media/1 task/specific_freq/Fourier_Image_1_4_2_-0,6_-0,22_-2,99_-1,6.png, id=292, 722.7pt x 433.62pt>
File: media/1 task/specific_freq/Fourier_Image_1_4_2_-0,6_-0,22_-2,99_-1,6.png Graphic file (type png)
<use media/1 task/specific_freq/Fourier_Image_1_4_2_-0,6_-0,22_-2,99_-1,6.png>
Package pdftex.def Info: media/1 task/specific_freq/Fourier_Image_1_4_2_-0,6_-0,22_-2,99_-1,6.png  used on input line 328.
(pdftex.def)             Requested size: 397.48622pt x 238.49173pt.
<media/1 task/specific_freq/Fourier_Image_Comparison_1_4_2_-0,6_-0,22_-2,99_-1,6.png, id=293, 462.528pt x 346.896pt>
File: media/1 task/specific_freq/Fourier_Image_Comparison_1_4_2_-0,6_-0,22_-2,99_-1,6.png Graphic file (type png)
<use media/1 task/specific_freq/Fourier_Image_Comparison_1_4_2_-0,6_-0,22_-2,99_-1,6.png>
Package pdftex.def Info: media/1 task/specific_freq/Fourier_Image_Comparison_1_4_2_-0,6_-0,22_-2,99_-1,6.png  used on input line 336.
(pdftex.def)             Requested size: 254.39117pt x 190.79338pt.
<media/1 task/specific_freq/Fourier_Image_2_4_2_-0,6_-0,22_-2,99_-1,6.png, id=294, 722.7pt x 433.62pt>
File: media/1 task/specific_freq/Fourier_Image_2_4_2_-0,6_-0,22_-2,99_-1,6.png Graphic file (type png)
<use media/1 task/specific_freq/Fourier_Image_2_4_2_-0,6_-0,22_-2,99_-1,6.png>
Package pdftex.def Info: media/1 task/specific_freq/Fourier_Image_2_4_2_-0,6_-0,22_-2,99_-1,6.png  used on input line 343.
(pdftex.def)             Requested size: 397.48622pt x 238.49173pt.
<media/1 task/specific_freq/Fourier_Image_Comparison_2_4_2_-0,6_-0,22_-2,99_-1,6.png, id=296, 462.528pt x 346.896pt>
File: media/1 task/specific_freq/Fourier_Image_Comparison_2_4_2_-0,6_-0,22_-2,99_-1,6.png Graphic file (type png)
<use media/1 task/specific_freq/Fourier_Image_Comparison_2_4_2_-0,6_-0,22_-2,99_-1,6.png>
Package pdftex.def Info: media/1 task/specific_freq/Fourier_Image_Comparison_2_4_2_-0,6_-0,22_-2,99_-1,6.png  used on input line 352.
(pdftex.def)             Requested size: 254.39117pt x 190.79338pt.
<media/1 task/specific_freq/Fourier_Image_3_4_2_-0,6_-0,22_-2,99_-1,6.png, id=297, 722.7pt x 433.62pt>
File: media/1 task/specific_freq/Fourier_Image_3_4_2_-0,6_-0,22_-2,99_-1,6.png Graphic file (type png)
<use media/1 task/specific_freq/Fourier_Image_3_4_2_-0,6_-0,22_-2,99_-1,6.png>
Package pdftex.def Info: media/1 task/specific_freq/Fourier_Image_3_4_2_-0,6_-0,22_-2,99_-1,6.png  used on input line 361.
(pdftex.def)             Requested size: 397.48622pt x 238.49173pt.
<media/1 task/specific_freq/Fourier_Image_Comparison_3_4_2_-0,6_-0,22_-2,99_-1,6.png, id=298, 462.528pt x 346.896pt>
File: media/1 task/specific_freq/Fourier_Image_Comparison_3_4_2_-0,6_-0,22_-2,99_-1,6.png Graphic file (type png)
<use media/1 task/specific_freq/Fourier_Image_Comparison_3_4_2_-0,6_-0,22_-2,99_-1,6.png>
Package pdftex.def Info: media/1 task/specific_freq/Fourier_Image_Comparison_3_4_2_-0,6_-0,22_-2,99_-1,6.png  used on input line 368.
(pdftex.def)             Requested size: 254.39117pt x 190.79338pt.
 [24

 <./media/1 task/specific_freq/Fourier_Image_1_4_2_-0,6_-0,22_-2,99_-1,6.png> <./media/1 task/specific_freq/Fourier_Image_Comparison_1_4_2_-0,6_-0,22_-2,99_-1,6.png>] [25 <./media/1 task/specific_freq/Fourier_Image_2_4_2_-0,6_-0,22_-2,99_-1,6.png> <./media/1 task/specific_freq/Fourier_Image_Comparison_2_4_2_-0,6_-0,22_-2,99_-1,6.png>] [26 <./media/1 task/specific_freq/Fourier_Image_3_4_2_-0,6_-0,22_-2,99_-1,6.png> <./media/1 task/specific_freq/Fourier_Image_Comparison_3_4_2_-0,6_-0,22_-2,99_-1,6.png>]
<media/1 task/specific_freq/Cleaned_1_4_2_-0,6_-0,22_-2,99_-1,6.png, id=324, 462.528pt x 346.896pt>
File: media/1 task/specific_freq/Cleaned_1_4_2_-0,6_-0,22_-2,99_-1,6.png Graphic file (type png)
<use media/1 task/specific_freq/Cleaned_1_4_2_-0,6_-0,22_-2,99_-1,6.png>
Package pdftex.def Info: media/1 task/specific_freq/Cleaned_1_4_2_-0,6_-0,22_-2,99_-1,6.png  used on input line 377.
(pdftex.def)             Requested size: 393.15065pt x 294.86298pt.
<media/1 task/specific_freq/Cleaned_2_4_2_-0,6_-0,22_-2,99_-1,6.png, id=325, 462.528pt x 346.896pt>
File: media/1 task/specific_freq/Cleaned_2_4_2_-0,6_-0,22_-2,99_-1,6.png Graphic file (type png)
<use media/1 task/specific_freq/Cleaned_2_4_2_-0,6_-0,22_-2,99_-1,6.png>
Package pdftex.def Info: media/1 task/specific_freq/Cleaned_2_4_2_-0,6_-0,22_-2,99_-1,6.png  used on input line 384.
(pdftex.def)             Requested size: 393.15065pt x 294.86298pt.
 [27

 <./media/1 task/specific_freq/Cleaned_1_4_2_-0,6_-0,22_-2,99_-1,6.png> <./media/1 task/specific_freq/Cleaned_2_4_2_-0,6_-0,22_-2,99_-1,6.png>]
<media/1 task/specific_freq/Cleaned_3_4_2_-0,6_-0,22_-2,99_-1,6.png, id=334, 462.528pt x 346.896pt>
File: media/1 task/specific_freq/Cleaned_3_4_2_-0,6_-0,22_-2,99_-1,6.png Graphic file (type png)
<use media/1 task/specific_freq/Cleaned_3_4_2_-0,6_-0,22_-2,99_-1,6.png>
Package pdftex.def Info: media/1 task/specific_freq/Cleaned_3_4_2_-0,6_-0,22_-2,99_-1,6.png  used on input line 393.
(pdftex.def)             Requested size: 393.15065pt x 294.86298pt.
 [28

 <./media/1 task/specific_freq/Cleaned_3_4_2_-0,6_-0,22_-2,99_-1,6.png>]
<media/1 task/specific_freq/Image_2_4_2_Begi.png, id=346, 462.528pt x 346.896pt>
File: media/1 task/specific_freq/Image_2_4_2_Begi.png Graphic file (type png)
<use media/1 task/specific_freq/Image_2_4_2_Begi.png>
Package pdftex.def Info: media/1 task/specific_freq/Image_2_4_2_Begi.png  used on input line 408.
(pdftex.def)             Requested size: 300.63962pt x 225.47972pt.
<media/1 task/specific_freq/Fourier_Image_2_4_2_-0,5_-0,2_-2,99_-0,55.png, id=347, 722.7pt x 433.62pt>
File: media/1 task/specific_freq/Fourier_Image_2_4_2_-0,5_-0,2_-2,99_-0,55.png Graphic file (type png)
<use media/1 task/specific_freq/Fourier_Image_2_4_2_-0,5_-0,2_-2,99_-0,55.png>
Package pdftex.def Info: media/1 task/specific_freq/Fourier_Image_2_4_2_-0,5_-0,2_-2,99_-0,55.png  used on input line 417.
(pdftex.def)             Requested size: 397.48622pt x 238.49173pt.
 [29

 <./media/1 task/specific_freq/Image_2_4_2_Begi.png> <./media/1 task/specific_freq/Fourier_Image_2_4_2_-0,5_-0,2_-2,99_-0,55.png>]
<media/1 task/specific_freq/Fourier_Image_Comparison_2_4_2_-0,5_-0,2_-2,99_-0,55.png, id=356, 462.528pt x 346.896pt>
File: media/1 task/specific_freq/Fourier_Image_Comparison_2_4_2_-0,5_-0,2_-2,99_-0,55.png Graphic file (type png)
<use media/1 task/specific_freq/Fourier_Image_Comparison_2_4_2_-0,5_-0,2_-2,99_-0,55.png>
Package pdftex.def Info: media/1 task/specific_freq/Fourier_Image_Comparison_2_4_2_-0,5_-0,2_-2,99_-0,55.png  used on input line 426.
(pdftex.def)             Requested size: 254.39117pt x 190.79338pt.
<media/1 task/specific_freq/Cleaned_2_4_2_-0,5_-0,2_-2,99_-0,55.png, id=357, 462.528pt x 346.896pt>
File: media/1 task/specific_freq/Cleaned_2_4_2_-0,5_-0,2_-2,99_-0,55.png Graphic file (type png)
<use media/1 task/specific_freq/Cleaned_2_4_2_-0,5_-0,2_-2,99_-0,55.png>
Package pdftex.def Info: media/1 task/specific_freq/Cleaned_2_4_2_-0,5_-0,2_-2,99_-0,55.png  used on input line 433.
(pdftex.def)             Requested size: 300.63962pt x 225.47972pt.
<media/1 task/specific_freq/Fourier_Image_2_4_2_-0,5_-0,2_-2,99_-0,8.png, id=358, 722.7pt x 433.62pt>
File: media/1 task/specific_freq/Fourier_Image_2_4_2_-0,5_-0,2_-2,99_-0,8.png Graphic file (type png)
<use media/1 task/specific_freq/Fourier_Image_2_4_2_-0,5_-0,2_-2,99_-0,8.png>
Package pdftex.def Info: media/1 task/specific_freq/Fourier_Image_2_4_2_-0,5_-0,2_-2,99_-0,8.png  used on input line 440.
(pdftex.def)             Requested size: 397.48622pt x 238.49173pt.
<media/1 task/specific_freq/Fourier_Image_Comparison_2_4_2_-0,5_-0,2_-2,99_-0,8.png, id=359, 462.528pt x 346.896pt>
File: media/1 task/specific_freq/Fourier_Image_Comparison_2_4_2_-0,5_-0,2_-2,99_-0,8.png Graphic file (type png)
<use media/1 task/specific_freq/Fourier_Image_Comparison_2_4_2_-0,5_-0,2_-2,99_-0,8.png>
Package pdftex.def Info: media/1 task/specific_freq/Fourier_Image_Comparison_2_4_2_-0,5_-0,2_-2,99_-0,8.png  used on input line 447.
(pdftex.def)             Requested size: 254.39117pt x 190.79338pt.
<media/1 task/specific_freq/Cleaned_2_4_2_-0,5_-0,2_-2,99_-0,8.png, id=360, 462.528pt x 346.896pt>
File: media/1 task/specific_freq/Cleaned_2_4_2_-0,5_-0,2_-2,99_-0,8.png Graphic file (type png)
<use media/1 task/specific_freq/Cleaned_2_4_2_-0,5_-0,2_-2,99_-0,8.png>
Package pdftex.def Info: media/1 task/specific_freq/Cleaned_2_4_2_-0,5_-0,2_-2,99_-0,8.png  used on input line 454.
(pdftex.def)             Requested size: 300.63962pt x 225.47972pt.
<media/1 task/specific_freq/Fourier_Image_2_4_2_-0,5_-0,2_-2,99_-1,0.png, id=361, 722.7pt x 433.62pt>
File: media/1 task/specific_freq/Fourier_Image_2_4_2_-0,5_-0,2_-2,99_-1,0.png Graphic file (type png)
<use media/1 task/specific_freq/Fourier_Image_2_4_2_-0,5_-0,2_-2,99_-1,0.png>
Package pdftex.def Info: media/1 task/specific_freq/Fourier_Image_2_4_2_-0,5_-0,2_-2,99_-1,0.png  used on input line 461.
(pdftex.def)             Requested size: 397.48622pt x 238.49173pt.
<media/1 task/specific_freq/Fourier_Image_Comparison_2_4_2_-0,5_-0,2_-2,99_-1,0.png, id=362, 462.528pt x 346.896pt>
File: media/1 task/specific_freq/Fourier_Image_Comparison_2_4_2_-0,5_-0,2_-2,99_-1,0.png Graphic file (type png)
<use media/1 task/specific_freq/Fourier_Image_Comparison_2_4_2_-0,5_-0,2_-2,99_-1,0.png>
Package pdftex.def Info: media/1 task/specific_freq/Fourier_Image_Comparison_2_4_2_-0,5_-0,2_-2,99_-1,0.png  used on input line 468.
(pdftex.def)             Requested size: 254.39117pt x 190.79338pt.
<media/1 task/specific_freq/Cleaned_2_4_2_-0,5_-0,2_-2,99_-1,0.png, id=363, 462.528pt x 346.896pt>
File: media/1 task/specific_freq/Cleaned_2_4_2_-0,5_-0,2_-2,99_-1,0.png Graphic file (type png)
<use media/1 task/specific_freq/Cleaned_2_4_2_-0,5_-0,2_-2,99_-1,0.png>
Package pdftex.def Info: media/1 task/specific_freq/Cleaned_2_4_2_-0,5_-0,2_-2,99_-1,0.png  used on input line 475.
(pdftex.def)             Requested size: 300.63962pt x 225.47972pt.
 [30

 <./media/1 task/specific_freq/Fourier_Image_Comparison_2_4_2_-0,5_-0,2_-2,99_-0,55.png> <./media/1 task/specific_freq/Cleaned_2_4_2_-0,5_-0,2_-2,99_-0,55.png>] [31 <./media/1 task/specific_freq/Fourier_Image_2_4_2_-0,5_-0,2_-2,99_-0,8.png> <./media/1 task/specific_freq/Fourier_Image_Comparison_2_4_2_-0,5_-0,2_-2,99_-0,8.png>] [32 <./media/1 task/specific_freq/Cleaned_2_4_2_-0,5_-0,2_-2,99_-0,8.png> <./media/1 task/specific_freq/Fourier_Image_2_4_2_-0,5_-0,2_-2,99_-1,0.png>] [33 <./media/1 task/specific_freq/Fourier_Image_Comparison_2_4_2_-0,5_-0,2_-2,99_-1,0.png> <./media/1 task/specific_freq/Cleaned_2_4_2_-0,5_-0,2_-2,99_-1,0.png>]
<media/1 task/specific_freq/Fourier_Image_2_4_2_-1,2_-0,2_-2,99_-2,7_-2,7_-1,7.png, id=398, 722.7pt x 433.62pt>
File: media/1 task/specific_freq/Fourier_Image_2_4_2_-1,2_-0,2_-2,99_-2,7_-2,7_-1,7.png Graphic file (type png)
<use media/1 task/specific_freq/Fourier_Image_2_4_2_-1,2_-0,2_-2,99_-2,7_-2,7_-1,7.png>
Package pdftex.def Info: media/1 task/specific_freq/Fourier_Image_2_4_2_-1,2_-0,2_-2,99_-2,7_-2,7_-1,7.png  used on input line 490.
(pdftex.def)             Requested size: 397.48622pt x 238.49173pt.
<media/1 task/specific_freq/Fourier_Image_Comparison_2_4_2_-1,2_-0,2_-2,99_-2,7_-2,7_-1,7.png, id=399, 462.528pt x 346.896pt>
File: media/1 task/specific_freq/Fourier_Image_Comparison_2_4_2_-1,2_-0,2_-2,99_-2,7_-2,7_-1,7.png Graphic file (type png)
<use media/1 task/specific_freq/Fourier_Image_Comparison_2_4_2_-1,2_-0,2_-2,99_-2,7_-2,7_-1,7.png>
Package pdftex.def Info: media/1 task/specific_freq/Fourier_Image_Comparison_2_4_2_-1,2_-0,2_-2,99_-2,7_-2,7_-1,7.png  used on input line 497.
(pdftex.def)             Requested size: 254.39117pt x 190.79338pt.
<media/1 task/specific_freq/Cleaned_2_4_2_-1,2_-0,2_-2,99_-2,7_-2,7_-1,7.png, id=400, 462.528pt x 346.896pt>
File: media/1 task/specific_freq/Cleaned_2_4_2_-1,2_-0,2_-2,99_-2,7_-2,7_-1,7.png Graphic file (type png)
<use media/1 task/specific_freq/Cleaned_2_4_2_-1,2_-0,2_-2,99_-2,7_-2,7_-1,7.png>
Package pdftex.def Info: media/1 task/specific_freq/Cleaned_2_4_2_-1,2_-0,2_-2,99_-2,7_-2,7_-1,7.png  used on input line 504.
(pdftex.def)             Requested size: 300.63962pt x 225.47972pt.
<media/1 task/specific_freq/Fourier_Image_2_4_2_-1,2_-0,2_-2,99_-2,7_-2,7_-1,5.png, id=401, 722.7pt x 433.62pt>
File: media/1 task/specific_freq/Fourier_Image_2_4_2_-1,2_-0,2_-2,99_-2,7_-2,7_-1,5.png Graphic file (type png)
<use media/1 task/specific_freq/Fourier_Image_2_4_2_-1,2_-0,2_-2,99_-2,7_-2,7_-1,5.png>
Package pdftex.def Info: media/1 task/specific_freq/Fourier_Image_2_4_2_-1,2_-0,2_-2,99_-2,7_-2,7_-1,5.png  used on input line 511.
(pdftex.def)             Requested size: 397.48622pt x 238.49173pt.
<media/1 task/specific_freq/Fourier_Image_Comparison_2_4_2_-1,2_-0,2_-2,99_-2,7_-2,7_-1,5.png, id=402, 462.528pt x 346.896pt>
File: media/1 task/specific_freq/Fourier_Image_Comparison_2_4_2_-1,2_-0,2_-2,99_-2,7_-2,7_-1,5.png Graphic file (type png)
<use media/1 task/specific_freq/Fourier_Image_Comparison_2_4_2_-1,2_-0,2_-2,99_-2,7_-2,7_-1,5.png>
Package pdftex.def Info: media/1 task/specific_freq/Fourier_Image_Comparison_2_4_2_-1,2_-0,2_-2,99_-2,7_-2,7_-1,5.png  used on input line 518.
(pdftex.def)             Requested size: 254.39117pt x 190.79338pt.
<media/1 task/specific_freq/Cleaned_2_4_2_-1,2_-0,2_-2,99_-2,7_-2,7_-1,5.png, id=403, 462.528pt x 346.896pt>
File: media/1 task/specific_freq/Cleaned_2_4_2_-1,2_-0,2_-2,99_-2,7_-2,7_-1,5.png Graphic file (type png)
<use media/1 task/specific_freq/Cleaned_2_4_2_-1,2_-0,2_-2,99_-2,7_-2,7_-1,5.png>
Package pdftex.def Info: media/1 task/specific_freq/Cleaned_2_4_2_-1,2_-0,2_-2,99_-2,7_-2,7_-1,5.png  used on input line 525.
(pdftex.def)             Requested size: 300.63962pt x 225.47972pt.
<media/1 task/specific_freq/Fourier_Image_2_4_2_-1,2_-0,2_-2,99_-2,7_-2,7_-1,3.png, id=404, 722.7pt x 433.62pt>
File: media/1 task/specific_freq/Fourier_Image_2_4_2_-1,2_-0,2_-2,99_-2,7_-2,7_-1,3.png Graphic file (type png)
<use media/1 task/specific_freq/Fourier_Image_2_4_2_-1,2_-0,2_-2,99_-2,7_-2,7_-1,3.png>
Package pdftex.def Info: media/1 task/specific_freq/Fourier_Image_2_4_2_-1,2_-0,2_-2,99_-2,7_-2,7_-1,3.png  used on input line 532.
(pdftex.def)             Requested size: 397.48622pt x 238.49173pt.
<media/1 task/specific_freq/Fourier_Image_Comparison_2_4_2_-1,2_-0,2_-2,99_-2,7_-2,7_-1,3.png, id=405, 462.528pt x 346.896pt>
File: media/1 task/specific_freq/Fourier_Image_Comparison_2_4_2_-1,2_-0,2_-2,99_-2,7_-2,7_-1,3.png Graphic file (type png)
<use media/1 task/specific_freq/Fourier_Image_Comparison_2_4_2_-1,2_-0,2_-2,99_-2,7_-2,7_-1,3.png>
Package pdftex.def Info: media/1 task/specific_freq/Fourier_Image_Comparison_2_4_2_-1,2_-0,2_-2,99_-2,7_-2,7_-1,3.png  used on input line 539.
(pdftex.def)             Requested size: 254.39117pt x 190.79338pt.
<media/1 task/specific_freq/Cleaned_2_4_2_-1,2_-0,2_-2,99_-2,7_-2,7_-1,3.png, id=406, 462.528pt x 346.896pt>
File: media/1 task/specific_freq/Cleaned_2_4_2_-1,2_-0,2_-2,99_-2,7_-2,7_-1,3.png Graphic file (type png)
<use media/1 task/specific_freq/Cleaned_2_4_2_-1,2_-0,2_-2,99_-2,7_-2,7_-1,3.png>
Package pdftex.def Info: media/1 task/specific_freq/Cleaned_2_4_2_-1,2_-0,2_-2,99_-2,7_-2,7_-1,3.png  used on input line 546.
(pdftex.def)             Requested size: 300.63962pt x 225.47972pt.
 [34

 <./media/1 task/specific_freq/Fourier_Image_2_4_2_-1,2_-0,2_-2,99_-2,7_-2,7_-1,7.png>] [35 <./media/1 task/specific_freq/Fourier_Image_Comparison_2_4_2_-1,2_-0,2_-2,99_-2,7_-2,7_-1,7.png> <./media/1 task/specific_freq/Cleaned_2_4_2_-1,2_-0,2_-2,99_-2,7_-2,7_-1,7.png>] [36 <./media/1 task/specific_freq/Fourier_Image_2_4_2_-1,2_-0,2_-2,99_-2,7_-2,7_-1,5.png> <./media/1 task/specific_freq/Fourier_Image_Comparison_2_4_2_-1,2_-0,2_-2,99_-2,7_-2,7_-1,5.png>] [37 <./media/1 task/specific_freq/Cleaned_2_4_2_-1,2_-0,2_-2,99_-2,7_-2,7_-1,5.png> <./media/1 task/specific_freq/Fourier_Image_2_4_2_-1,2_-0,2_-2,99_-2,7_-2,7_-1,3.png>] [38 <./media/1 task/specific_freq/Fourier_Image_Comparison_2_4_2_-1,2_-0,2_-2,99_-2,7_-2,7_-1,3.png> <./media/1 task/specific_freq/Cleaned_2_4_2_-1,2_-0,2_-2,99_-2,7_-2,7_-1,3.png>] [39

]
<media/1 task/low_freq/Noisy_4_2_2.png, id=453, 462.528pt x 346.896pt>
File: media/1 task/low_freq/Noisy_4_2_2.png Graphic file (type png)
<use media/1 task/low_freq/Noisy_4_2_2.png>
Package pdftex.def Info: media/1 task/low_freq/Noisy_4_2_2.png  used on input line 564.
(pdftex.def)             Requested size: 231.26343pt x 173.44757pt.
<media/1 task/low_freq/Fourier_Image_4_2_2_-0,4.png, id=454, 722.7pt x 433.62pt>
File: media/1 task/low_freq/Fourier_Image_4_2_2_-0,4.png Graphic file (type png)
<use media/1 task/low_freq/Fourier_Image_4_2_2_-0,4.png>
Package pdftex.def Info: media/1 task/low_freq/Fourier_Image_4_2_2_-0,4.png  used on input line 575.
(pdftex.def)             Requested size: 361.3491pt x 216.80946pt.
<media/1 task/low_freq/Fourier_Image_Comparison_4_2_2_-0,4.png, id=455, 462.528pt x 346.896pt>
File: media/1 task/low_freq/Fourier_Image_Comparison_4_2_2_-0,4.png Graphic file (type png)
<use media/1 task/low_freq/Fourier_Image_Comparison_4_2_2_-0,4.png>
Package pdftex.def Info: media/1 task/low_freq/Fourier_Image_Comparison_4_2_2_-0,4.png  used on input line 582.
(pdftex.def)             Requested size: 254.39117pt x 190.79338pt.
<media/1 task/low_freq/Fourier_Image_4_2_2-0,5975975975975976.png, id=456, 722.7pt x 433.62pt>
File: media/1 task/low_freq/Fourier_Image_4_2_2-0,5975975975975976.png Graphic file (type png)
<use media/1 task/low_freq/Fourier_Image_4_2_2-0,5975975975975976.png>
Package pdftex.def Info: media/1 task/low_freq/Fourier_Image_4_2_2-0,5975975975975976.png  used on input line 589.
(pdftex.def)             Requested size: 397.48622pt x 238.49173pt.
<media/1 task/low_freq/Fourier_Image_Comparison_4_2_2-0,5975975975975976.png, id=457, 462.528pt x 346.896pt>
File: media/1 task/low_freq/Fourier_Image_Comparison_4_2_2-0,5975975975975976.png Graphic file (type png)
<use media/1 task/low_freq/Fourier_Image_Comparison_4_2_2-0,5975975975975976.png>
Package pdftex.def Info: media/1 task/low_freq/Fourier_Image_Comparison_4_2_2-0,5975975975975976.png  used on input line 596.
(pdftex.def)             Requested size: 254.39117pt x 190.79338pt.
<media/1 task/low_freq/Fourier_Image_4_2_2-1,1981981981981982.png, id=458, 722.7pt x 433.62pt>
File: media/1 task/low_freq/Fourier_Image_4_2_2-1,1981981981981982.png Graphic file (type png)
<use media/1 task/low_freq/Fourier_Image_4_2_2-1,1981981981981982.png>
Package pdftex.def Info: media/1 task/low_freq/Fourier_Image_4_2_2-1,1981981981981982.png  used on input line 603.
(pdftex.def)             Requested size: 397.48622pt x 238.49173pt.
<media/1 task/low_freq/Fourier_Image_Comparison_4_2_2-1,1981981981981982.png, id=459, 462.528pt x 346.896pt>
File: media/1 task/low_freq/Fourier_Image_Comparison_4_2_2-1,1981981981981982.png Graphic file (type png)
<use media/1 task/low_freq/Fourier_Image_Comparison_4_2_2-1,1981981981981982.png>
Package pdftex.def Info: media/1 task/low_freq/Fourier_Image_Comparison_4_2_2-1,1981981981981982.png  used on input line 610.
(pdftex.def)             Requested size: 254.39117pt x 190.79338pt.
<media/1 task/low_freq/Fourier_Image_4_2_2-1,7987987987987988.png, id=460, 722.7pt x 433.62pt>
File: media/1 task/low_freq/Fourier_Image_4_2_2-1,7987987987987988.png Graphic file (type png)
<use media/1 task/low_freq/Fourier_Image_4_2_2-1,7987987987987988.png>
Package pdftex.def Info: media/1 task/low_freq/Fourier_Image_4_2_2-1,7987987987987988.png  used on input line 617.
(pdftex.def)             Requested size: 397.48622pt x 238.49173pt.
 [40

 <./media/1 task/low_freq/Noisy_4_2_2.png> <./media/1 task/low_freq/Fourier_Image_4_2_2_-0,4.png>] [41 <./media/1 task/low_freq/Fourier_Image_Comparison_4_2_2_-0,4.png> <./media/1 task/low_freq/Fourier_Image_4_2_2-0,5975975975975976.png>] [42 <./media/1 task/low_freq/Fourier_Image_Comparison_4_2_2-0,5975975975975976.png> <./media/1 task/low_freq/Fourier_Image_4_2_2-1,1981981981981982.png>] [43 <./media/1 task/low_freq/Fourier_Image_Comparison_4_2_2-1,1981981981981982.png> <./media/1 task/low_freq/Fourier_Image_4_2_2-1,7987987987987988.png>]
<media/1 task/low_freq/Fourier_Image_Comparison_4_2_2-1,7987987987987988.png, id=494, 462.528pt x 346.896pt>
File: media/1 task/low_freq/Fourier_Image_Comparison_4_2_2-1,7987987987987988.png Graphic file (type png)
<use media/1 task/low_freq/Fourier_Image_Comparison_4_2_2-1,7987987987987988.png>
Package pdftex.def Info: media/1 task/low_freq/Fourier_Image_Comparison_4_2_2-1,7987987987987988.png  used on input line 626.
(pdftex.def)             Requested size: 254.39117pt x 190.79338pt.
<media/1 task/low_freq/Cleaned_4_2_2_-0,4.png, id=495, 462.528pt x 346.896pt>
File: media/1 task/low_freq/Cleaned_4_2_2_-0,4.png Graphic file (type png)
<use media/1 task/low_freq/Cleaned_4_2_2_-0,4.png>
Package pdftex.def Info: media/1 task/low_freq/Cleaned_4_2_2_-0,4.png  used on input line 636.
(pdftex.def)             Requested size: 346.89514pt x 260.17136pt.
 [44

 <./media/1 task/low_freq/Fourier_Image_Comparison_4_2_2-1,7987987987987988.png> <./media/1 task/low_freq/Cleaned_4_2_2_-0,4.png>]
<media/1 task/low_freq/Cleaned_4_2_2_-0,5975975975975976.png, id=504, 462.528pt x 346.896pt>
File: media/1 task/low_freq/Cleaned_4_2_2_-0,5975975975975976.png Graphic file (type png)
<use media/1 task/low_freq/Cleaned_4_2_2_-0,5975975975975976.png>
Package pdftex.def Info: media/1 task/low_freq/Cleaned_4_2_2_-0,5975975975975976.png  used on input line 645.
(pdftex.def)             Requested size: 346.89514pt x 260.17136pt.
<media/1 task/low_freq/Cleaned_4_2_2_-1,1981981981981982.png, id=505, 462.528pt x 346.896pt>
File: media/1 task/low_freq/Cleaned_4_2_2_-1,1981981981981982.png Graphic file (type png)
<use media/1 task/low_freq/Cleaned_4_2_2_-1,1981981981981982.png>
Package pdftex.def Info: media/1 task/low_freq/Cleaned_4_2_2_-1,1981981981981982.png  used on input line 652.
(pdftex.def)             Requested size: 346.89514pt x 260.17136pt.
 [45

 <./media/1 task/low_freq/Cleaned_4_2_2_-0,5975975975975976.png> <./media/1 task/low_freq/Cleaned_4_2_2_-1,1981981981981982.png>]
<media/1 task/low_freq/Cleaned_4_2_2_-1,7987987987987988.png, id=514, 462.528pt x 346.896pt>
File: media/1 task/low_freq/Cleaned_4_2_2_-1,7987987987987988.png Graphic file (type png)
<use media/1 task/low_freq/Cleaned_4_2_2_-1,7987987987987988.png>
Package pdftex.def Info: media/1 task/low_freq/Cleaned_4_2_2_-1,7987987987987988.png  used on input line 661.
(pdftex.def)             Requested size: 346.89514pt x 260.17136pt.
) [46

 <./media/1 task/low_freq/Cleaned_4_2_2_-1,7987987987987988.png>] (2task.tex
<media/2 task/Source_^^d0^^97^^d0^^b2^^d1^^83^^d0^^ba^^d0^^be^^d0^^b2^^d0^^b0^^d1^^8f ^^d0^^b2^^d0^^be^^d0^^bb^^d0^^bd^^d0^^b0.png, id=521, 722.7pt x 361.35pt>
File: media/2 task/Source_^^d0^^97^^d0^^b2^^d1^^83^^d0^^ba^^d0^^be^^d0^^b2^^d0^^b0^^d1^^8f ^^d0^^b2^^d0^^be^^d0^^bb^^d0^^bd^^d0^^b0.png Graphic file (type png)
<use media/2 task/Source_^^d0^^97^^d0^^b2^^d1^^83^^d0^^ba^^d0^^be^^d0^^b2^^d0^^b0^^d1^^8f ^^d0^^b2^^d0^^be^^d0^^bb^^d0^^bd^^d0^^b0.png>
Package pdftex.def Info: media/2 task/Source_^^d0^^97^^d0^^b2^^d1^^83^^d0^^ba^^d0^^be^^d0^^b2^^d0^^b0^^d1^^8f ^^d0^^b2^^d0^^be^^d0^^bb^^d0^^bd^^d0^^b0.png  used on input line 7.
(pdftex.def)             Requested size: 361.3491pt x 180.67456pt.
<media/2 task/Image_Orig.png, id=522, 462.528pt x 346.896pt>
File: media/2 task/Image_Orig.png Graphic file (type png)
<use media/2 task/Image_Orig.png>
Package pdftex.def Info: media/2 task/Image_Orig.png  used on input line 16.
(pdftex.def)             Requested size: 277.51894pt x 208.13919pt.
 [47 <./media/2 task/Source_ .png> <./media/2 task/Image_Orig.png>]
<media/2 task/Image_CLose.png, id=531, 609.9588pt x 437.2335pt>
File: media/2 task/Image_CLose.png Graphic file (type png)
<use media/2 task/Image_CLose.png>
Package pdftex.def Info: media/2 task/Image_CLose.png  used on input line 27.
(pdftex.def)             Requested size: 500.76852pt x 358.9741pt.
<media/2 task/Images_Comparison.png, id=532, 805.0878pt x 549.9747pt>
File: media/2 task/Images_Comparison.png Graphic file (type png)
<use media/2 task/Images_Comparison.png>
Package pdftex.def Info: media/2 task/Images_Comparison.png  used on input line 36.
(pdftex.def)             Requested size: 500.76852pt x 342.08852pt.
<media/2 task/detailed_comparison.png, id=533, 722.7pt x 361.35pt>
File: media/2 task/detailed_comparison.png Graphic file (type png)
<use media/2 task/detailed_comparison.png>
Package pdftex.def Info: media/2 task/detailed_comparison.png  used on input line 43.
(pdftex.def)             Requested size: 500.76852pt x 250.38489pt.
 [48

 <./media/2 task/Image_CLose.png>]

LaTeX Warning: Text page 49 contains only floats.

[49 <./media/2 task/Images_Comparison.png> <./media/2 task/detailed_comparison.png>]
<media/2 task/Cleaned_^^d0^^97^^d0^^b2^^d1^^83^^d0^^ba^^d0^^be^^d0^^b2^^d0^^b0^^d1^^8f ^^d0^^b2^^d0^^be^^d0^^bb^^d0^^bd^^d0^^b0.png, id=551, 722.7pt x 361.35pt>
File: media/2 task/Cleaned_^^d0^^97^^d0^^b2^^d1^^83^^d0^^ba^^d0^^be^^d0^^b2^^d0^^b0^^d1^^8f ^^d0^^b2^^d0^^be^^d0^^bb^^d0^^bd^^d0^^b0.png Graphic file (type png)
<use media/2 task/Cleaned_^^d0^^97^^d0^^b2^^d1^^83^^d0^^ba^^d0^^be^^d0^^b2^^d0^^b0^^d1^^8f ^^d0^^b2^^d0^^be^^d0^^bb^^d0^^bd^^d0^^b0.png>
Package pdftex.def Info: media/2 task/Cleaned_^^d0^^97^^d0^^b2^^d1^^83^^d0^^ba^^d0^^be^^d0^^b2^^d0^^b0^^d1^^8f ^^d0^^b2^^d0^^be^^d0^^bb^^d0^^bd^^d0^^b0.png  used on input line 57.
(pdftex.def)             Requested size: 433.62334pt x 216.81168pt.
<media/2 task/Wave_comparison.png, id=552, 656.2116pt x 486.3771pt>
File: media/2 task/Wave_comparison.png Graphic file (type png)
<use media/2 task/Wave_comparison.png>
Package pdftex.def Info: media/2 task/Wave_comparison.png  used on input line 64.
(pdftex.def)             Requested size: 393.73pt x 291.8285pt.
)) [50

 <./media/2 task/Cleaned_ .png> <./media/2 task/Wave_comparison.png>] (main.aux (unformal_title.aux) (content.aux))
 ***********
LaTeX2e <2023-11-01> patch level 1
L3 programming layer <2024-03-14>
 ***********
Package rerunfilecheck Info: File `main.out' has not changed.
(rerunfilecheck)             Checksum: D0C1107CE61C75B0BAD340194EB842EB;3150.
 ) 
Here is how much of TeX's memory you used:
 15142 strings out of 474424
 272662 string characters out of 5738896
 1934493 words of memory out of 5000000
 37062 multiletter control sequences out of 15000+600000
 572272 words of font info for 62 fonts, out of 8000000 for 9000
 1141 hyphenation exceptions out of 8191
 75i,11n,95p,1692b,486s stack positions out of 10000i,1000n,20000p,200000b,200000s
 </Users/nbr/Library/Application Support/MiKTeX/texmfs/data/fonts/pk/ljfour/lh/lh-t2a/dpi600/larm1000.pk> </Users/nbr/Library/Application Support/MiKTeX/texmfs/data/fonts/pk/ljfour/lh/lh-t2a/dpi600/lasl1440.pk> </Users/nbr/Library/Application Support/MiKTeX/texmfs/data/fonts/pk/ljfour/lh/lh-t2a/dpi600/labx1440.pk> </Users/nbr/Library/Application Support/MiKTeX/texmfs/data/fonts/pk/ljfour/lh/lh-t2a/dpi600/labx2074.pk> </Users/nbr/Library/Application Support/MiKTeX/texmfs/data/fonts/pk/ljfour/lh/lh-t2a/dpi600/larm1440.pk> </Users/nbr/Library/Application Support/MiKTeX/texmfs/data/fonts/pk/ljfour/lh/lh-t2a/dpi600/labx1728.pk> </Users/nbr/Library/Application Support/MiKTeX/texmfs/data/fonts/pk/ljfour/lh/lh-t2a/dpi600/larm1728.pk> </Users/nbr/Library/Application Support/MiKTeX/texmfs/data/fonts/pk/ljfour/lh/lh-t2a/dpi600/labx2488.pk> </Users/nbr/Library/Application Support/MiKTeX/texmfs/data/fonts/pk/ljfour/lh/lh-t2a/dpi600/larm2488.pk></Library/Application Support/MiKTeX/texmfs/install/fonts/type1/public/amsfonts/cm/cmex10.pfb></Library/Application Support/MiKTeX/texmfs/install/fonts/type1/public/amsfonts/cm/cmmi12.pfb></Library/Application Support/MiKTeX/texmfs/install/fonts/type1/public/amsfonts/cm/cmr10.pfb></Library/Application Support/MiKTeX/texmfs/install/fonts/type1/public/amsfonts/cm/cmr12.pfb></Library/Application Support/MiKTeX/texmfs/install/fonts/type1/public/amsfonts/cm/cmsy10.pfb>
Output written on main.pdf (50 pages, 8984408 bytes).
PDF statistics:
 939 PDF objects out of 1000 (max. 8388607)
 147 named destinations out of 1000 (max. 500000)
 536 words of extra memory for PDF output out of 10000 (max. 10000000)

